[0.006s] Invoking command in '/home/kevin/ws_RumahMakan/build/antar_menu': CMAKE_PREFIX_PATH=/opt/ros/humble /usr/bin/cmake --build /home/kevin/ws_RumahMakan/build/antar_menu -- -j20 -l20
[0.027s] [35m[1mConsolidate compiler generated dependencies of target orderan_talker[0m
[0.028s] [35m[1mConsolidate compiler generated dependencies of target antar_listener[0m
[0.035s] [ 25%] [32mBuilding CXX object CMakeFiles/orderan_talker.dir/src/orderan.cpp.o[0m
[0.036s] [ 75%] Built target antar_listener
[1.422s] [01m[K/home/kevin/ws_RumahMakan/src/antar_menu/src/orderan.cpp:[m[K In constructor ‘[01m[KOrderanPublisher::OrderanPublisher()[m[K’:
[1.422s] [01m[K/home/kevin/ws_RumahMakan/src/antar_menu/src/orderan.cpp:23:36:[m[K [01;31m[Kerror: [m[Kno match for ‘[01m[Koperator=[m[K’ (operand types are ‘[01m[Kstd::mt19937[m[K’ {aka ‘[01m[Kstd::mersenne_twister_engine<long unsigned int, 32, 624, 397, 31, 2567483615, 11, 4294967295, 7, 2636928640, 15, 4022730752, 18, 1812433253>[m[K’} and ‘[01m[Kstd::mt19937_64[m[K’ {aka ‘[01m[Kstd::mersenne_twister_engine<long unsigned int, 64, 312, 156, 31, 13043109905998158313, 29, 6148914691236517205, 17, 8202884508482404352, 37, 18444473444759240704, 43, 6364136223846793005>[m[K’})
[1.422s]    23 |         gen_ = std::mt19937_64(rd()[01;31m[K)[m[K;
[1.422s]       |                                    [01;31m[K^[m[K
[1.422s] In file included from [01m[K/usr/include/c++/11/random:49[m[K,
[1.422s]                  from [01m[K/home/kevin/ws_RumahMakan/src/antar_menu/src/orderan.cpp:6[m[K:
[1.422s] [01m[K/usr/include/c++/11/bits/random.h:472:11:[m[K [01;36m[Knote: [m[Kcandidate: ‘[01m[Kconstexpr std::mersenne_twister_engine<long unsigned int, 32, 624, 397, 31, 2567483615, 11, 4294967295, 7, 2636928640, 15, 4022730752, 18, 1812433253>& std::mersenne_twister_engine<long unsigned int, 32, 624, 397, 31, 2567483615, 11, 4294967295, 7, 2636928640, 15, 4022730752, 18, 1812433253>::operator=(const std::mersenne_twister_engine<long unsigned int, 32, 624, 397, 31, 2567483615, 11, 4294967295, 7, 2636928640, 15, 4022730752, 18, 1812433253>&)[m[K’
[1.422s]   472 |     class [01;36m[Kmersenne_twister_engine[m[K
[1.422s]       |           [01;36m[K^~~~~~~~~~~~~~~~~~~~~~~[m[K
[1.422s] [01m[K/usr/include/c++/11/bits/random.h:472:11:[m[K [01;36m[Knote: [m[K  no known conversion for argument 1 from ‘[01m[Kstd::mt19937_64[m[K’ {aka ‘[01m[Kstd::mersenne_twister_engine<long unsigned int, 64, 312, 156, 31, 13043109905998158313, 29, 6148914691236517205, 17, 8202884508482404352, 37, 18444473444759240704, 43, 6364136223846793005>[m[K’} to ‘[01m[Kconst std::mersenne_twister_engine<long unsigned int, 32, 624, 397, 31, 2567483615, 11, 4294967295, 7, 2636928640, 15, 4022730752, 18, 1812433253>&[m[K’
[1.422s] [01m[K/usr/include/c++/11/bits/random.h:472:11:[m[K [01;36m[Knote: [m[Kcandidate: ‘[01m[Kconstexpr std::mersenne_twister_engine<long unsigned int, 32, 624, 397, 31, 2567483615, 11, 4294967295, 7, 2636928640, 15, 4022730752, 18, 1812433253>& std::mersenne_twister_engine<long unsigned int, 32, 624, 397, 31, 2567483615, 11, 4294967295, 7, 2636928640, 15, 4022730752, 18, 1812433253>::operator=(std::mersenne_twister_engine<long unsigned int, 32, 624, 397, 31, 2567483615, 11, 4294967295, 7, 2636928640, 15, 4022730752, 18, 1812433253>&&)[m[K’
[1.422s] [01m[K/usr/include/c++/11/bits/random.h:472:11:[m[K [01;36m[Knote: [m[K  no known conversion for argument 1 from ‘[01m[Kstd::mt19937_64[m[K’ {aka ‘[01m[Kstd::mersenne_twister_engine<long unsigned int, 64, 312, 156, 31, 13043109905998158313, 29, 6148914691236517205, 17, 8202884508482404352, 37, 18444473444759240704, 43, 6364136223846793005>[m[K’} to ‘[01m[Kstd::mersenne_twister_engine<long unsigned int, 32, 624, 397, 31, 2567483615, 11, 4294967295, 7, 2636928640, 15, 4022730752, 18, 1812433253>&&[m[K’
[1.903s] gmake[2]: *** [CMakeFiles/orderan_talker.dir/build.make:76: CMakeFiles/orderan_talker.dir/src/orderan.cpp.o] Error 1
[1.903s] gmake[1]: *** [CMakeFiles/Makefile2:139: CMakeFiles/orderan_talker.dir/all] Error 2
[1.903s] gmake: *** [Makefile:146: all] Error 2
[1.904s] Invoked command in '/home/kevin/ws_RumahMakan/build/antar_menu' returned '2': CMAKE_PREFIX_PATH=/opt/ros/humble /usr/bin/cmake --build /home/kevin/ws_RumahMakan/build/antar_menu -- -j20 -l20
