[0.009s] Invoking command in '/home/kevin/ws_RumahMakan/build/antar_menu': CMAKE_PREFIX_PATH=${CMAKE_PREFIX_PATH}:/opt/ros/humble /usr/bin/cmake --build /home/kevin/ws_RumahMakan/build/antar_menu -- -j20 -l20
[0.036s] [35m[1mConsolidate compiler generated dependencies of target orderan_talker[0m
[0.043s] [ 25%] [32mBuilding CXX object CMakeFiles/antar_listener.dir/src/antar.cpp.o[0m
[0.044s] [ 50%] [32mBuilding CXX object CMakeFiles/orderan_talker.dir/src/orderan.cpp.o[0m
[2.601s] [ 75%] [32m[1mLinking CXX executable orderan_talker[0m
[2.726s] [ 75%] Built target orderan_talker
[4.469s] [100%] [32m[1mLinking CXX executable antar_listener[0m
[4.678s] [100%] Built target antar_listener
[4.709s] Invoked command in '/home/kevin/ws_RumahMakan/build/antar_menu' returned '0': CMAKE_PREFIX_PATH=${CMAKE_PREFIX_PATH}:/opt/ros/humble /usr/bin/cmake --build /home/kevin/ws_RumahMakan/build/antar_menu -- -j20 -l20
[4.715s] Invoking command in '/home/kevin/ws_RumahMakan/build/antar_menu': CMAKE_PREFIX_PATH=${CMAKE_PREFIX_PATH}:/opt/ros/humble /usr/bin/cmake --install /home/kevin/ws_RumahMakan/build/antar_menu
[4.718s] -- Install configuration: ""
[4.718s] -- Installing: /home/kevin/ws_RumahMakan/install/antar_menu/lib/antar_menu/orderan_talker
[4.719s] -- Set runtime path of "/home/kevin/ws_RumahMakan/install/antar_menu/lib/antar_menu/orderan_talker" to ""
[4.719s] -- Installing: /home/kevin/ws_RumahMakan/install/antar_menu/lib/antar_menu/antar_listener
[4.721s] -- Set runtime path of "/home/kevin/ws_RumahMakan/install/antar_menu/lib/antar_menu/antar_listener" to ""
[4.721s] -- Up-to-date: /home/kevin/ws_RumahMakan/install/antar_menu/share/ament_index/resource_index/package_run_dependencies/antar_menu
[4.721s] -- Up-to-date: /home/kevin/ws_RumahMakan/install/antar_menu/share/ament_index/resource_index/parent_prefix_path/antar_menu
[4.721s] -- Up-to-date: /home/kevin/ws_RumahMakan/install/antar_menu/share/antar_menu/environment/ament_prefix_path.sh
[4.721s] -- Up-to-date: /home/kevin/ws_RumahMakan/install/antar_menu/share/antar_menu/environment/ament_prefix_path.dsv
[4.721s] -- Up-to-date: /home/kevin/ws_RumahMakan/install/antar_menu/share/antar_menu/environment/path.sh
[4.721s] -- Up-to-date: /home/kevin/ws_RumahMakan/install/antar_menu/share/antar_menu/environment/path.dsv
[4.721s] -- Up-to-date: /home/kevin/ws_RumahMakan/install/antar_menu/share/antar_menu/local_setup.bash
[4.721s] -- Up-to-date: /home/kevin/ws_RumahMakan/install/antar_menu/share/antar_menu/local_setup.sh
[4.721s] -- Up-to-date: /home/kevin/ws_RumahMakan/install/antar_menu/share/antar_menu/local_setup.zsh
[4.721s] -- Up-to-date: /home/kevin/ws_RumahMakan/install/antar_menu/share/antar_menu/local_setup.dsv
[4.722s] -- Installing: /home/kevin/ws_RumahMakan/install/antar_menu/share/antar_menu/package.dsv
[4.722s] -- Up-to-date: /home/kevin/ws_RumahMakan/install/antar_menu/share/ament_index/resource_index/packages/antar_menu
[4.722s] -- Up-to-date: /home/kevin/ws_RumahMakan/install/antar_menu/share/antar_menu/cmake/antar_menuConfig.cmake
[4.722s] -- Up-to-date: /home/kevin/ws_RumahMakan/install/antar_menu/share/antar_menu/cmake/antar_menuConfig-version.cmake
[4.722s] -- Up-to-date: /home/kevin/ws_RumahMakan/install/antar_menu/share/antar_menu/package.xml
[4.722s] Invoked command in '/home/kevin/ws_RumahMakan/build/antar_menu' returned '0': CMAKE_PREFIX_PATH=${CMAKE_PREFIX_PATH}:/opt/ros/humble /usr/bin/cmake --install /home/kevin/ws_RumahMakan/build/antar_menu
