[0.127s] DEBUG:colcon:Command line arguments: ['/usr/bin/colcon', 'build']
[0.127s] DEBUG:colcon:Parsed command line arguments: Namespace(log_base=None, log_level=None, verb_name='build', build_base='build', install_base='install', merge_install=False, symlink_install=False, test_result_base=None, continue_on_error=False, executor='parallel', parallel_workers=20, event_handlers=None, ignore_user_meta=False, metas=['./colcon.meta'], base_paths=['.'], packages_ignore=None, packages_ignore_regex=None, paths=None, packages_up_to=None, packages_up_to_regex=None, packages_above=None, packages_above_and_dependencies=None, packages_above_depth=None, packages_select_by_dep=None, packages_skip_by_dep=None, packages_skip_up_to=None, packages_select_build_failed=False, packages_skip_build_finished=False, packages_select_test_failures=False, packages_skip_test_passed=False, packages_select=None, packages_skip=None, packages_select_regex=None, packages_skip_regex=None, packages_start=None, packages_end=None, allow_overriding=[], cmake_args=None, cmake_target=None, cmake_target_skip_unavailable=False, cmake_clean_cache=False, cmake_clean_first=False, cmake_force_configure=False, ament_cmake_args=None, catkin_cmake_args=None, catkin_skip_building_tests=False, verb_parser=<colcon_defaults.argument_parser.defaults.DefaultArgumentsDecorator object at 0x775b30f0b130>, verb_extension=<colcon_core.verb.build.BuildVerb object at 0x775b30f0ac20>, main=<bound method BuildVerb.main of <colcon_core.verb.build.BuildVerb object at 0x775b30f0ac20>>)
[0.206s] Level 1:colcon.colcon_core.package_discovery:discover_packages(colcon_meta) check parameters
[0.206s] Level 1:colcon.colcon_core.package_discovery:discover_packages(recursive) check parameters
[0.206s] Level 1:colcon.colcon_core.package_discovery:discover_packages(ignore) check parameters
[0.206s] Level 1:colcon.colcon_core.package_discovery:discover_packages(path) check parameters
[0.206s] Level 1:colcon.colcon_core.package_discovery:discover_packages(colcon_meta) discover
[0.206s] Level 1:colcon.colcon_core.package_discovery:discover_packages(recursive) discover
[0.206s] INFO:colcon.colcon_core.package_discovery:Crawling recursively for packages in '/home/kevin/ws_RumahMakan'
[0.206s] Level 1:colcon.colcon_core.package_identification:_identify(.) by extensions ['ignore', 'ignore_ament_install']
[0.206s] Level 1:colcon.colcon_core.package_identification:_identify(.) by extension 'ignore'
[0.206s] Level 1:colcon.colcon_core.package_identification:_identify(.) by extension 'ignore_ament_install'
[0.206s] Level 1:colcon.colcon_core.package_identification:_identify(.) by extensions ['colcon_pkg']
[0.206s] Level 1:colcon.colcon_core.package_identification:_identify(.) by extension 'colcon_pkg'
[0.206s] Level 1:colcon.colcon_core.package_identification:_identify(.) by extensions ['colcon_meta']
[0.206s] Level 1:colcon.colcon_core.package_identification:_identify(.) by extension 'colcon_meta'
[0.206s] Level 1:colcon.colcon_core.package_identification:_identify(.) by extensions ['ros']
[0.206s] Level 1:colcon.colcon_core.package_identification:_identify(.) by extension 'ros'
[0.214s] Level 1:colcon.colcon_core.package_identification:_identify(.) by extensions ['cmake', 'python']
[0.214s] Level 1:colcon.colcon_core.package_identification:_identify(.) by extension 'cmake'
[0.214s] Level 1:colcon.colcon_core.package_identification:_identify(.) by extension 'python'
[0.214s] Level 1:colcon.colcon_core.package_identification:_identify(.) by extensions ['python_setup_py']
[0.214s] Level 1:colcon.colcon_core.package_identification:_identify(.) by extension 'python_setup_py'
[0.214s] Level 1:colcon.colcon_core.package_identification:_identify(build) by extensions ['ignore', 'ignore_ament_install']
[0.214s] Level 1:colcon.colcon_core.package_identification:_identify(build) by extension 'ignore'
[0.214s] Level 1:colcon.colcon_core.package_identification:_identify(build) ignored
[0.214s] Level 1:colcon.colcon_core.package_identification:_identify(install) by extensions ['ignore', 'ignore_ament_install']
[0.214s] Level 1:colcon.colcon_core.package_identification:_identify(install) by extension 'ignore'
[0.214s] Level 1:colcon.colcon_core.package_identification:_identify(install) ignored
[0.215s] Level 1:colcon.colcon_core.package_identification:_identify(log) by extensions ['ignore', 'ignore_ament_install']
[0.215s] Level 1:colcon.colcon_core.package_identification:_identify(log) by extension 'ignore'
[0.215s] Level 1:colcon.colcon_core.package_identification:_identify(log) ignored
[0.215s] Level 1:colcon.colcon_core.package_identification:_identify(src) by extensions ['ignore', 'ignore_ament_install']
[0.215s] Level 1:colcon.colcon_core.package_identification:_identify(src) by extension 'ignore'
[0.215s] Level 1:colcon.colcon_core.package_identification:_identify(src) by extension 'ignore_ament_install'
[0.215s] Level 1:colcon.colcon_core.package_identification:_identify(src) by extensions ['colcon_pkg']
[0.215s] Level 1:colcon.colcon_core.package_identification:_identify(src) by extension 'colcon_pkg'
[0.215s] Level 1:colcon.colcon_core.package_identification:_identify(src) by extensions ['colcon_meta']
[0.215s] Level 1:colcon.colcon_core.package_identification:_identify(src) by extension 'colcon_meta'
[0.215s] Level 1:colcon.colcon_core.package_identification:_identify(src) by extensions ['ros']
[0.215s] Level 1:colcon.colcon_core.package_identification:_identify(src) by extension 'ros'
[0.215s] Level 1:colcon.colcon_core.package_identification:_identify(src) by extensions ['cmake', 'python']
[0.215s] Level 1:colcon.colcon_core.package_identification:_identify(src) by extension 'cmake'
[0.215s] Level 1:colcon.colcon_core.package_identification:_identify(src) by extension 'python'
[0.215s] Level 1:colcon.colcon_core.package_identification:_identify(src) by extensions ['python_setup_py']
[0.215s] Level 1:colcon.colcon_core.package_identification:_identify(src) by extension 'python_setup_py'
[0.215s] Level 1:colcon.colcon_core.package_identification:_identify(src/antar_menu) by extensions ['ignore', 'ignore_ament_install']
[0.215s] Level 1:colcon.colcon_core.package_identification:_identify(src/antar_menu) by extension 'ignore'
[0.215s] Level 1:colcon.colcon_core.package_identification:_identify(src/antar_menu) by extension 'ignore_ament_install'
[0.215s] Level 1:colcon.colcon_core.package_identification:_identify(src/antar_menu) by extensions ['colcon_pkg']
[0.215s] Level 1:colcon.colcon_core.package_identification:_identify(src/antar_menu) by extension 'colcon_pkg'
[0.215s] Level 1:colcon.colcon_core.package_identification:_identify(src/antar_menu) by extensions ['colcon_meta']
[0.215s] Level 1:colcon.colcon_core.package_identification:_identify(src/antar_menu) by extension 'colcon_meta'
[0.216s] Level 1:colcon.colcon_core.package_identification:_identify(src/antar_menu) by extensions ['ros']
[0.216s] Level 1:colcon.colcon_core.package_identification:_identify(src/antar_menu) by extension 'ros'
[0.217s] DEBUG:colcon.colcon_core.package_identification:Package 'src/antar_menu' with type 'ros.ament_cmake' and name 'antar_menu'
[0.217s] Level 1:colcon.colcon_core.package_discovery:discover_packages(recursive) using defaults
[0.217s] Level 1:colcon.colcon_core.package_discovery:discover_packages(ignore) discover
[0.217s] Level 1:colcon.colcon_core.package_discovery:discover_packages(ignore) using defaults
[0.217s] Level 1:colcon.colcon_core.package_discovery:discover_packages(path) discover
[0.217s] Level 1:colcon.colcon_core.package_discovery:discover_packages(path) using defaults
[0.229s] Level 1:colcon.colcon_core.package_discovery:discover_packages(prefix_path) check parameters
[0.229s] Level 1:colcon.colcon_core.package_discovery:discover_packages(prefix_path) discover
[0.230s] DEBUG:colcon.colcon_installed_package_information.package_discovery:Found 1 installed packages in /home/kevin/ws_RumahMakan/install
[0.230s] DEBUG:colcon.colcon_installed_package_information.package_discovery:Found 272 installed packages in /opt/ros/humble
[0.232s] Level 1:colcon.colcon_core.package_discovery:discover_packages(prefix_path) using defaults
[0.255s] Level 5:colcon.colcon_core.verb:set package 'antar_menu' build argument 'cmake_args' from command line to 'None'
[0.255s] Level 5:colcon.colcon_core.verb:set package 'antar_menu' build argument 'cmake_target' from command line to 'None'
[0.255s] Level 5:colcon.colcon_core.verb:set package 'antar_menu' build argument 'cmake_target_skip_unavailable' from command line to 'False'
[0.255s] Level 5:colcon.colcon_core.verb:set package 'antar_menu' build argument 'cmake_clean_cache' from command line to 'False'
[0.255s] Level 5:colcon.colcon_core.verb:set package 'antar_menu' build argument 'cmake_clean_first' from command line to 'False'
[0.255s] Level 5:colcon.colcon_core.verb:set package 'antar_menu' build argument 'cmake_force_configure' from command line to 'False'
[0.255s] Level 5:colcon.colcon_core.verb:set package 'antar_menu' build argument 'ament_cmake_args' from command line to 'None'
[0.255s] Level 5:colcon.colcon_core.verb:set package 'antar_menu' build argument 'catkin_cmake_args' from command line to 'None'
[0.255s] Level 5:colcon.colcon_core.verb:set package 'antar_menu' build argument 'catkin_skip_building_tests' from command line to 'False'
[0.255s] DEBUG:colcon.colcon_core.verb:Building package 'antar_menu' with the following arguments: {'ament_cmake_args': None, 'build_base': '/home/kevin/ws_RumahMakan/build/antar_menu', 'catkin_cmake_args': None, 'catkin_skip_building_tests': False, 'cmake_args': None, 'cmake_clean_cache': False, 'cmake_clean_first': False, 'cmake_force_configure': False, 'cmake_target': None, 'cmake_target_skip_unavailable': False, 'install_base': '/home/kevin/ws_RumahMakan/install/antar_menu', 'merge_install': False, 'path': '/home/kevin/ws_RumahMakan/src/antar_menu', 'symlink_install': False, 'test_result_base': None}
[0.255s] INFO:colcon.colcon_core.executor:Executing jobs using 'parallel' executor
[0.256s] DEBUG:colcon.colcon_parallel_executor.executor.parallel:run_until_complete
[0.256s] INFO:colcon.colcon_ros.task.ament_cmake.build:Building ROS package in '/home/kevin/ws_RumahMakan/src/antar_menu' with build type 'ament_cmake'
[0.257s] INFO:colcon.colcon_cmake.task.cmake.build:Building CMake package in '/home/kevin/ws_RumahMakan/src/antar_menu'
[0.257s] INFO:colcon.colcon_core.plugin_system:Skipping extension 'colcon_core.shell.bat': Not used on non-Windows systems
[0.258s] INFO:colcon.colcon_core.shell:Skip shell extension 'powershell' for command environment: Not usable outside of PowerShell
[0.258s] DEBUG:colcon.colcon_core.shell:Skip shell extension 'dsv' for command environment
[0.264s] DEBUG:colcon.colcon_core.event_handler.log_command:Invoking command in '/home/kevin/ws_RumahMakan/build/antar_menu': CMAKE_PREFIX_PATH=${CMAKE_PREFIX_PATH}:/opt/ros/humble /usr/bin/cmake --build /home/kevin/ws_RumahMakan/build/antar_menu -- -j20 -l20
[0.303s] DEBUG:colcon.colcon_core.event_handler.log_command:Invoked command in '/home/kevin/ws_RumahMakan/build/antar_menu' returned '0': CMAKE_PREFIX_PATH=${CMAKE_PREFIX_PATH}:/opt/ros/humble /usr/bin/cmake --build /home/kevin/ws_RumahMakan/build/antar_menu -- -j20 -l20
[0.309s] DEBUG:colcon.colcon_core.event_handler.log_command:Invoking command in '/home/kevin/ws_RumahMakan/build/antar_menu': CMAKE_PREFIX_PATH=${CMAKE_PREFIX_PATH}:/opt/ros/humble /usr/bin/cmake --install /home/kevin/ws_RumahMakan/build/antar_menu
[0.315s] Level 1:colcon.colcon_core.environment:create_environment_scripts_only(antar_menu)
[0.315s] DEBUG:colcon.colcon_core.event_handler.log_command:Invoked command in '/home/kevin/ws_RumahMakan/build/antar_menu' returned '0': CMAKE_PREFIX_PATH=${CMAKE_PREFIX_PATH}:/opt/ros/humble /usr/bin/cmake --install /home/kevin/ws_RumahMakan/build/antar_menu
[0.316s] Level 1:colcon.colcon_core.environment:checking '/home/kevin/ws_RumahMakan/install/antar_menu' for CMake module files
[0.317s] Level 1:colcon.colcon_core.environment:checking '/home/kevin/ws_RumahMakan/install/antar_menu' for CMake config files
[0.317s] Level 1:colcon.colcon_core.shell:create_environment_hook('antar_menu', 'cmake_prefix_path')
[0.317s] INFO:colcon.colcon_core.shell:Creating environment hook '/home/kevin/ws_RumahMakan/install/antar_menu/share/antar_menu/hook/cmake_prefix_path.ps1'
[0.317s] INFO:colcon.colcon_core.shell:Creating environment descriptor '/home/kevin/ws_RumahMakan/install/antar_menu/share/antar_menu/hook/cmake_prefix_path.dsv'
[0.318s] INFO:colcon.colcon_core.shell:Creating environment hook '/home/kevin/ws_RumahMakan/install/antar_menu/share/antar_menu/hook/cmake_prefix_path.sh'
[0.318s] Level 1:colcon.colcon_core.environment:checking '/home/kevin/ws_RumahMakan/install/antar_menu/lib'
[0.318s] Level 1:colcon.colcon_core.environment:checking '/home/kevin/ws_RumahMakan/install/antar_menu/bin'
[0.318s] Level 1:colcon.colcon_core.environment:checking '/home/kevin/ws_RumahMakan/install/antar_menu/lib/pkgconfig/antar_menu.pc'
[0.318s] Level 1:colcon.colcon_core.environment:checking '/home/kevin/ws_RumahMakan/install/antar_menu/lib/python3.10/site-packages'
[0.319s] Level 1:colcon.colcon_core.environment:checking '/home/kevin/ws_RumahMakan/install/antar_menu/bin'
[0.319s] INFO:colcon.colcon_core.shell:Creating package script '/home/kevin/ws_RumahMakan/install/antar_menu/share/antar_menu/package.ps1'
[0.319s] INFO:colcon.colcon_core.shell:Creating package descriptor '/home/kevin/ws_RumahMakan/install/antar_menu/share/antar_menu/package.dsv'
[0.319s] INFO:colcon.colcon_core.shell:Creating package script '/home/kevin/ws_RumahMakan/install/antar_menu/share/antar_menu/package.sh'
[0.320s] INFO:colcon.colcon_core.shell:Creating package script '/home/kevin/ws_RumahMakan/install/antar_menu/share/antar_menu/package.bash'
[0.320s] INFO:colcon.colcon_core.shell:Creating package script '/home/kevin/ws_RumahMakan/install/antar_menu/share/antar_menu/package.zsh'
[0.321s] Level 1:colcon.colcon_core.environment:create_file_with_runtime_dependencies(/home/kevin/ws_RumahMakan/install/antar_menu/share/colcon-core/packages/antar_menu)
[0.321s] Level 1:colcon.colcon_core.environment:create_environment_scripts_only(antar_menu)
[0.321s] Level 1:colcon.colcon_core.environment:checking '/home/kevin/ws_RumahMakan/install/antar_menu' for CMake module files
[0.321s] Level 1:colcon.colcon_core.environment:checking '/home/kevin/ws_RumahMakan/install/antar_menu' for CMake config files
[0.321s] Level 1:colcon.colcon_core.shell:create_environment_hook('antar_menu', 'cmake_prefix_path')
[0.321s] INFO:colcon.colcon_core.shell:Creating environment hook '/home/kevin/ws_RumahMakan/install/antar_menu/share/antar_menu/hook/cmake_prefix_path.ps1'
[0.322s] INFO:colcon.colcon_core.shell:Creating environment descriptor '/home/kevin/ws_RumahMakan/install/antar_menu/share/antar_menu/hook/cmake_prefix_path.dsv'
[0.322s] INFO:colcon.colcon_core.shell:Creating environment hook '/home/kevin/ws_RumahMakan/install/antar_menu/share/antar_menu/hook/cmake_prefix_path.sh'
[0.322s] Level 1:colcon.colcon_core.environment:checking '/home/kevin/ws_RumahMakan/install/antar_menu/lib'
[0.322s] Level 1:colcon.colcon_core.environment:checking '/home/kevin/ws_RumahMakan/install/antar_menu/bin'
[0.322s] Level 1:colcon.colcon_core.environment:checking '/home/kevin/ws_RumahMakan/install/antar_menu/lib/pkgconfig/antar_menu.pc'
[0.323s] Level 1:colcon.colcon_core.environment:checking '/home/kevin/ws_RumahMakan/install/antar_menu/lib/python3.10/site-packages'
[0.323s] Level 1:colcon.colcon_core.environment:checking '/home/kevin/ws_RumahMakan/install/antar_menu/bin'
[0.323s] INFO:colcon.colcon_core.shell:Creating package script '/home/kevin/ws_RumahMakan/install/antar_menu/share/antar_menu/package.ps1'
[0.323s] INFO:colcon.colcon_core.shell:Creating package descriptor '/home/kevin/ws_RumahMakan/install/antar_menu/share/antar_menu/package.dsv'
[0.324s] INFO:colcon.colcon_core.shell:Creating package script '/home/kevin/ws_RumahMakan/install/antar_menu/share/antar_menu/package.sh'
[0.324s] INFO:colcon.colcon_core.shell:Creating package script '/home/kevin/ws_RumahMakan/install/antar_menu/share/antar_menu/package.bash'
[0.324s] INFO:colcon.colcon_core.shell:Creating package script '/home/kevin/ws_RumahMakan/install/antar_menu/share/antar_menu/package.zsh'
[0.324s] Level 1:colcon.colcon_core.environment:create_file_with_runtime_dependencies(/home/kevin/ws_RumahMakan/install/antar_menu/share/colcon-core/packages/antar_menu)
[0.324s] DEBUG:colcon.colcon_parallel_executor.executor.parallel:closing loop
[0.325s] DEBUG:colcon.colcon_parallel_executor.executor.parallel:loop closed
[0.325s] DEBUG:colcon.colcon_parallel_executor.executor.parallel:run_until_complete finished with '0'
[0.325s] DEBUG:colcon.colcon_core.event_reactor:joining thread
[0.346s] INFO:colcon.colcon_core.plugin_system:Skipping extension 'colcon_notification.desktop_notification.notify_send': Could not find 'notify-send'
[0.346s] INFO:colcon.colcon_core.plugin_system:Skipping extension 'colcon_notification.desktop_notification.terminal_notifier': Not used on non-Darwin systems
[0.347s] INFO:colcon.colcon_core.plugin_system:Skipping extension 'colcon_notification.desktop_notification.win32': Not used on non-Windows systems
[0.347s] INFO:colcon.colcon_notification.desktop_notification:Sending desktop notification using 'notify2'
[0.347s] DEBUG:colcon.colcon_notification.desktop_notification.notify2:Failed to initialize notify2: org.freedesktop.DBus.Error.ServiceUnknown: The name org.freedesktop.Notifications was not provided by any .service files
[0.347s] DEBUG:colcon.colcon_core.event_reactor:joined thread
[0.348s] INFO:colcon.colcon_core.shell:Creating prefix script '/home/kevin/ws_RumahMakan/install/local_setup.ps1'
[0.348s] INFO:colcon.colcon_core.shell:Creating prefix util module '/home/kevin/ws_RumahMakan/install/_local_setup_util_ps1.py'
[0.349s] INFO:colcon.colcon_core.shell:Creating prefix chain script '/home/kevin/ws_RumahMakan/install/setup.ps1'
[0.350s] INFO:colcon.colcon_core.shell:Creating prefix script '/home/kevin/ws_RumahMakan/install/local_setup.sh'
[0.350s] INFO:colcon.colcon_core.shell:Creating prefix util module '/home/kevin/ws_RumahMakan/install/_local_setup_util_sh.py'
[0.350s] INFO:colcon.colcon_core.shell:Creating prefix chain script '/home/kevin/ws_RumahMakan/install/setup.sh'
[0.351s] INFO:colcon.colcon_core.shell:Creating prefix script '/home/kevin/ws_RumahMakan/install/local_setup.bash'
[0.351s] INFO:colcon.colcon_core.shell:Creating prefix chain script '/home/kevin/ws_RumahMakan/install/setup.bash'
[0.352s] INFO:colcon.colcon_core.shell:Creating prefix script '/home/kevin/ws_RumahMakan/install/local_setup.zsh'
[0.352s] INFO:colcon.colcon_core.shell:Creating prefix chain script '/home/kevin/ws_RumahMakan/install/setup.zsh'
