[0.011s] Invoking command in '/home/kevin/ws_RumahMakan/build/antar_menu': CMAKE_PREFIX_PATH=${CMAKE_PREFIX_PATH}:/opt/ros/humble /usr/bin/cmake --build /home/kevin/ws_RumahMakan/build/antar_menu -- -j20 -l20
[0.069s] [35m[1mConsolidate compiler generated dependencies of target antar_listener[0m
[0.077s] [ 25%] [32mBuilding CXX object CMakeFiles/orderan_talker.dir/src/orderan.cpp.o[0m
[0.079s] [ 75%] Built target antar_listener
[3.100s] [100%] [32m[1mLinking CXX executable orderan_talker[0m
[3.273s] [100%] Built target orderan_talker
[3.280s] Invoked command in '/home/kevin/ws_RumahMakan/build/antar_menu' returned '0': CMAKE_PREFIX_PATH=${CMAKE_PREFIX_PATH}:/opt/ros/humble /usr/bin/cmake --build /home/kevin/ws_RumahMakan/build/antar_menu -- -j20 -l20
[3.287s] Invoking command in '/home/kevin/ws_RumahMakan/build/antar_menu': CMAKE_PREFIX_PATH=${CMAKE_PREFIX_PATH}:/opt/ros/humble /usr/bin/cmake --install /home/kevin/ws_RumahMakan/build/antar_menu
[3.291s] -- Install configuration: ""
[3.292s] -- Installing: /home/kevin/ws_RumahMakan/install/antar_menu/lib/antar_menu/orderan_talker
[3.293s] -- Set runtime path of "/home/kevin/ws_RumahMakan/install/antar_menu/lib/antar_menu/orderan_talker" to ""
[3.294s] -- Up-to-date: /home/kevin/ws_RumahMakan/install/antar_menu/lib/antar_menu/antar_listener
[3.294s] -- Up-to-date: /home/kevin/ws_RumahMakan/install/antar_menu/share/ament_index/resource_index/package_run_dependencies/antar_menu
[3.294s] -- Up-to-date: /home/kevin/ws_RumahMakan/install/antar_menu/share/ament_index/resource_index/parent_prefix_path/antar_menu
[3.294s] -- Up-to-date: /home/kevin/ws_RumahMakan/install/antar_menu/share/antar_menu/environment/ament_prefix_path.sh
[3.295s] -- Up-to-date: /home/kevin/ws_RumahMakan/install/antar_menu/share/antar_menu/environment/ament_prefix_path.dsv
[3.295s] -- Up-to-date: /home/kevin/ws_RumahMakan/install/antar_menu/share/antar_menu/environment/path.sh
[3.295s] -- Up-to-date: /home/kevin/ws_RumahMakan/install/antar_menu/share/antar_menu/environment/path.dsv
[3.295s] -- Up-to-date: /home/kevin/ws_RumahMakan/install/antar_menu/share/antar_menu/local_setup.bash
[3.295s] -- Up-to-date: /home/kevin/ws_RumahMakan/install/antar_menu/share/antar_menu/local_setup.sh
[3.295s] -- Up-to-date: /home/kevin/ws_RumahMakan/install/antar_menu/share/antar_menu/local_setup.zsh
[3.295s] -- Up-to-date: /home/kevin/ws_RumahMakan/install/antar_menu/share/antar_menu/local_setup.dsv
[3.295s] -- Installing: /home/kevin/ws_RumahMakan/install/antar_menu/share/antar_menu/package.dsv
[3.295s] -- Up-to-date: /home/kevin/ws_RumahMakan/install/antar_menu/share/ament_index/resource_index/packages/antar_menu
[3.295s] -- Up-to-date: /home/kevin/ws_RumahMakan/install/antar_menu/share/antar_menu/cmake/antar_menuConfig.cmake
[3.295s] -- Up-to-date: /home/kevin/ws_RumahMakan/install/antar_menu/share/antar_menu/cmake/antar_menuConfig-version.cmake
[3.295s] -- Up-to-date: /home/kevin/ws_RumahMakan/install/antar_menu/share/antar_menu/package.xml
[3.297s] Invoked command in '/home/kevin/ws_RumahMakan/build/antar_menu' returned '0': CMAKE_PREFIX_PATH=${CMAKE_PREFIX_PATH}:/opt/ros/humble /usr/bin/cmake --install /home/kevin/ws_RumahMakan/build/antar_menu
