-- The C compiler identification is GNU 11.4.0
-- The CXX compiler identification is GNU 11.4.0
-- Detecting C compiler ABI info
-- Detecting C compiler ABI info - done
-- Check for working C compiler: /usr/bin/cc - skipped
-- Detecting C compile features
-- Detecting C compile features - done
-- Detecting CXX compiler ABI info
-- Detecting CXX compiler ABI info - done
-- Check for working CXX compiler: /usr/bin/c++ - skipped
-- Detecting CXX compile features
-- Detecting CXX compile features - done
-- Found ament_cmake: 1.3.13 (/opt/ros/humble/share/ament_cmake/cmake)
-- Found Python3: /usr/bin/python3 (found version "3.10.12") found components: Interpreter 
-- Found rclcpp: 16.0.18 (/opt/ros/humble/share/rclcpp/cmake)
-- Found rosidl_generator_c: 3.1.8 (/opt/ros/humble/share/rosidl_generator_c/cmake)
-- Found rosidl_adapter: 3.1.8 (/opt/ros/humble/share/rosidl_adapter/cmake)
-- Found rosidl_generator_cpp: 3.1.8 (/opt/ros/humble/share/rosidl_generator_cpp/cmake)
-- Using all available rosidl_typesupport_c: rosidl_typesupport_fastrtps_c;rosidl_typesupport_introspection_c
-- Using all available rosidl_typesupport_cpp: rosidl_typesupport_fastrtps_cpp;rosidl_typesupport_introspection_cpp
-- Found rmw_implementation_cmake: 6.1.2 (/opt/ros/humble/share/rmw_implementation_cmake/cmake)
-- Found rmw_fastrtps_cpp: 6.2.10 (/opt/ros/humble/share/rmw_fastrtps_cpp/cmake)
-- Found OpenSSL: /usr/lib/x86_64-linux-gnu/libcrypto.so (found version "3.0.2")  
-- Found FastRTPS: /opt/ros/humble/include  
-- Using RMW implementation 'rmw_fastrtps_cpp' as default
-- Looking for pthread.h
-- Looking for pthread.h - found
-- Performing Test CMAKE_HAVE_LIBC_PTHREAD
-- Performing Test CMAKE_HAVE_LIBC_PTHREAD - Success
-- Found Threads: TRUE  
-- Found ament_lint_auto: 0.12.15 (/opt/ros/humble/share/ament_lint_auto/cmake)
-- Added test 'cppcheck' to perform static code analysis on C / C++ code
-- Configured cppcheck include dirs: 
-- Configured cppcheck exclude dirs and/or files: 
-- Added test 'lint_cmake' to check CMake code style
-- Added test 'uncrustify' to check C / C++ code style
-- Configured uncrustify additional arguments: 
-- Added test 'xmllint' to check XML markup files
-- Configuring done
-- Generating done
-- Build files have been written to: /home/kevin/ws_RumahMakan/build/antar_menu
[ 25%] [32mBuilding CXX object CMakeFiles/orderan_talker.dir/src/orderan.cpp.o[0m
[ 50%] [32mBuilding CXX object CMakeFiles/antar_listener.dir/src/antar.cpp.o[0m
[01m[K/home/kevin/ws_RumahMakan/src/antar_menu/src/orderan.cpp:[m[K In constructor ‘[01m[KOrderanPublisher::OrderanPublisher()[m[K’:
[01m[K/home/kevin/ws_RumahMakan/src/antar_menu/src/orderan.cpp:20:9:[m[K [01;31m[Kerror: [m[K‘[01m[Kpesanan_list_[m[K’ was not declared in this scope
   20 |         [01;31m[Kpesanan_list_[m[K = {"Nasi Goreng", "Mie Ayam", "Bakso", "Sop", "Soto", "Pizza", "Steak", "Burger", "Sushi", "Ramen", "Pasta", "Kebab"};
      |         [01;31m[K^~~~~~~~~~~~~[m[K
[01m[K/home/kevin/ws_RumahMakan/src/antar_menu/src/orderan.cpp:23:9:[m[K [01;31m[Kerror: [m[K‘[01m[Kgen_[m[K’ was not declared in this scope
   23 |         [01;31m[Kgen_[m[K = std::mt164_64(rd());
      |         [01;31m[K^~~~[m[K
[01m[K/home/kevin/ws_RumahMakan/src/antar_menu/src/orderan.cpp:23:21:[m[K [01;31m[Kerror: [m[K‘[01m[Kmt164_64[m[K’ is not a member of ‘[01m[Kstd[m[K’; did you mean ‘[01m[Kmt19937_64[m[K’?
   23 |         gen_ = std::[01;31m[Kmt164_64[m[K(rd());
      |                     [01;31m[K^~~~~~~~[m[K
      |                     [32m[Kmt19937_64[m[K
[01m[K/home/kevin/ws_RumahMakan/src/antar_menu/src/orderan.cpp:24:9:[m[K [01;31m[Kerror: [m[K‘[01m[Kdist_[m[K’ was not declared in this scope
   24 |         [01;31m[Kdist_[m[K = std::uniform_int_distribution<>(0, pesanan_list_.size() - 1);
      |         [01;31m[K^~~~~[m[K
[01m[K/home/kevin/ws_RumahMakan/src/antar_menu/src/antar.cpp:[m[K In constructor ‘[01m[KAntarSubscriber::AntarSubscriber()[m[K’:
[01m[K/home/kevin/ws_RumahMakan/src/antar_menu/src/antar.cpp:19:39:[m[K [01;31m[Kerror: [m[K‘[01m[KMinimalSubscriber[m[K’ has not been declared
   19 |         "masak_topic", 10, std::bind(&[01;31m[KMinimalSubscriber[m[K::topic_callback, this, _1));
      |                                       [01;31m[K^~~~~~~~~~~~~~~~~[m[K
[01m[K/home/kevin/ws_RumahMakan/src/antar_menu/src/antar.cpp:[m[K In member function ‘[01m[Kvoid AntarSubscriber::topic_callback(std_msgs::msg::String_<std::allocator<void> >::SharedPtr) const[m[K’:
[01m[K/home/kevin/ws_RumahMakan/src/antar_menu/src/antar.cpp:25:14:[m[K [01;31m[Kerror: [m[K‘[01m[Kmakanan[m[K’ is not a member of ‘[01m[Kstd[m[K’
   25 |         std::[01;31m[Kmakanan[m[K = msg->data;
      |              [01;31m[K^~~~~~~[m[K
In file included from [01m[K/opt/ros/humble/include/rclcpp/rclcpp/logging.hpp:24[m[K,
                 from [01m[K/opt/ros/humble/include/rclcpp/rclcpp/client.hpp:40[m[K,
                 from [01m[K/opt/ros/humble/include/rclcpp/rclcpp/callback_group.hpp:24[m[K,
                 from [01m[K/opt/ros/humble/include/rclcpp/rclcpp/any_executable.hpp:20[m[K,
                 from [01m[K/opt/ros/humble/include/rclcpp/rclcpp/memory_strategy.hpp:25[m[K,
                 from [01m[K/opt/ros/humble/include/rclcpp/rclcpp/memory_strategies.hpp:18[m[K,
                 from [01m[K/opt/ros/humble/include/rclcpp/rclcpp/executor_options.hpp:20[m[K,
                 from [01m[K/opt/ros/humble/include/rclcpp/rclcpp/executor.hpp:37[m[K,
                 from [01m[K/opt/ros/humble/include/rclcpp/rclcpp/executors/multi_threaded_executor.hpp:25[m[K,
                 from [01m[K/opt/ros/humble/include/rclcpp/rclcpp/executors.hpp:21[m[K,
                 from [01m[K/opt/ros/humble/include/rclcpp/rclcpp/rclcpp.hpp:155[m[K,
                 from [01m[K/home/kevin/ws_RumahMakan/src/antar_menu/src/antar.cpp:6[m[K:
[01m[K/home/kevin/ws_RumahMakan/src/antar_menu/src/antar.cpp:26:59:[m[K [01;31m[Kerror: [m[K‘[01m[Kmakanan[m[K’ was not declared in this scope
   26 |         RCLCPP_INFO(this->get_logger(), "Diterima: '%s'", [01;31m[Kmakanan[m[K.c_str());
      |                                                           [01;31m[K^~~~~~~[m[K
[01m[K/home/kevin/ws_RumahMakan/src/antar_menu/src/orderan.cpp:[m[K In member function ‘[01m[Kvoid OrderanPublisher::timer_callback()[m[K’:
[01m[K/home/kevin/ws_RumahMakan/src/antar_menu/src/orderan.cpp:33:34:[m[K [01;31m[Kerror: [m[K‘[01m[Kgen_[m[K’ was not declared in this scope
   33 |         int random_index = dist_([01;31m[Kgen_[m[K);
      |                                  [01;31m[K^~~~[m[K
[01m[K/home/kevin/ws_RumahMakan/src/antar_menu/src/antar.cpp:31:74:[m[K [01;31m[Kerror: [m[K‘[01m[Kmakanan[m[K’ was not declared in this scope
   31 |         RCLCPP_INFO(this->get_logger(), "Selesai! '%s' siap disajikan.", [01;31m[Kmakanan[m[K.c_str());
      |                                                                          [01;31m[K^~~~~~~[m[K
[01m[K/home/kevin/ws_RumahMakan/src/antar_menu/src/orderan.cpp:33:28:[m[K [01;31m[Kerror: [m[K‘[01m[Kdist_[m[K’ was not declared in this scope
   33 |         int random_index = [01;31m[Kdist_[m[K(gen_);
      |                            [01;31m[K^~~~~[m[K
[01m[K/home/kevin/ws_RumahMakan/src/antar_menu/src/orderan.cpp:34:36:[m[K [01;31m[Kerror: [m[K‘[01m[Kpesanan_list_[m[K’ was not declared in this scope
   34 |         std::string random_order = [01;31m[Kpesanan_list_[m[K[random_index];
      |                                    [01;31m[K^~~~~~~~~~~~~[m[K
gmake[2]: *** [CMakeFiles/antar_listener.dir/build.make:76: CMakeFiles/antar_listener.dir/src/antar.cpp.o] Error 1
gmake[1]: *** [CMakeFiles/Makefile2:165: CMakeFiles/antar_listener.dir/all] Error 2
gmake[1]: *** Waiting for unfinished jobs....
gmake[2]: *** [CMakeFiles/orderan_talker.dir/build.make:76: CMakeFiles/orderan_talker.dir/src/orderan.cpp.o] Error 1
gmake[1]: *** [CMakeFiles/Makefile2:139: CMakeFiles/orderan_talker.dir/all] Error 2
gmake: *** [Makefile:146: all] Error 2
