[0.012s] Invoking command in '/home/kevin/ws_RumahMakan/build/antar_menu': CMAKE_PREFIX_PATH=/opt/ros/humble /usr/bin/cmake /home/kevin/ws_RumahMakan/src/antar_menu -DCMAKE_INSTALL_PREFIX=/home/kevin/ws_RumahMakan/install/antar_menu
[0.159s] -- The C compiler identification is GNU 11.4.0
[0.576s] -- The CXX compiler identification is GNU 11.4.0
[0.716s] -- Detecting C compiler ABI info
[0.789s] -- Detecting C compiler ABI info - done
[0.792s] -- Check for working C compiler: /usr/bin/cc - skipped
[0.795s] -- Detecting C compile features
[0.796s] -- Detecting C compile features - done
[0.798s] -- Detecting CXX compiler ABI info
[0.874s] -- Detecting CXX compiler ABI info - done
[0.878s] -- Check for working CXX compiler: /usr/bin/c++ - skipped
[0.878s] -- Detecting CXX compile features
[0.879s] -- Detecting CXX compile features - done
[0.892s] -- Found ament_cmake: 1.3.13 (/opt/ros/humble/share/ament_cmake/cmake)
[0.981s] -- Found Python3: /usr/bin/python3 (found version "3.10.12") found components: Interpreter 
[1.047s] -- Found rclcpp: 16.0.18 (/opt/ros/humble/share/rclcpp/cmake)
[1.169s] -- Found rosidl_generator_c: 3.1.8 (/opt/ros/humble/share/rosidl_generator_c/cmake)
[1.173s] -- Found rosidl_adapter: 3.1.8 (/opt/ros/humble/share/rosidl_adapter/cmake)
[1.181s] -- Found rosidl_generator_cpp: 3.1.8 (/opt/ros/humble/share/rosidl_generator_cpp/cmake)
[1.196s] -- Using all available rosidl_typesupport_c: rosidl_typesupport_fastrtps_c;rosidl_typesupport_introspection_c
[1.211s] -- Using all available rosidl_typesupport_cpp: rosidl_typesupport_fastrtps_cpp;rosidl_typesupport_introspection_cpp
[1.252s] -- Found rmw_implementation_cmake: 6.1.2 (/opt/ros/humble/share/rmw_implementation_cmake/cmake)
[1.254s] -- Found rmw_fastrtps_cpp: 6.2.10 (/opt/ros/humble/share/rmw_fastrtps_cpp/cmake)
[1.791s] -- Found OpenSSL: /usr/lib/x86_64-linux-gnu/libcrypto.so (found version "3.0.2")  
[2.414s] -- Found FastRTPS: /opt/ros/humble/include  
[3.624s] -- Using RMW implementation 'rmw_fastrtps_cpp' as default
[3.638s] -- Looking for pthread.h
[3.718s] -- Looking for pthread.h - found
[3.719s] -- Performing Test CMAKE_HAVE_LIBC_PTHREAD
[3.790s] -- Performing Test CMAKE_HAVE_LIBC_PTHREAD - Success
[3.790s] -- Found Threads: TRUE  
[3.840s] -- Found ament_lint_auto: 0.12.15 (/opt/ros/humble/share/ament_lint_auto/cmake)
[3.890s] -- Added test 'cppcheck' to perform static code analysis on C / C++ code
[3.890s] -- Configured cppcheck include dirs: 
[3.890s] -- Configured cppcheck exclude dirs and/or files: 
[3.891s] -- Added test 'lint_cmake' to check CMake code style
[3.892s] -- Added test 'uncrustify' to check C / C++ code style
[3.892s] -- Configured uncrustify additional arguments: 
[3.893s] -- Added test 'xmllint' to check XML markup files
[3.894s] -- Configuring done
[3.902s] -- Generating done
[3.905s] -- Build files have been written to: /home/kevin/ws_RumahMakan/build/antar_menu
[3.912s] Invoked command in '/home/kevin/ws_RumahMakan/build/antar_menu' returned '0': CMAKE_PREFIX_PATH=/opt/ros/humble /usr/bin/cmake /home/kevin/ws_RumahMakan/src/antar_menu -DCMAKE_INSTALL_PREFIX=/home/kevin/ws_RumahMakan/install/antar_menu
[3.912s] Invoking command in '/home/kevin/ws_RumahMakan/build/antar_menu': CMAKE_PREFIX_PATH=/opt/ros/humble /usr/bin/cmake --build /home/kevin/ws_RumahMakan/build/antar_menu -- -j20 -l20
[3.938s] [ 25%] [32mBuilding CXX object CMakeFiles/orderan_talker.dir/src/orderan.cpp.o[0m
[3.938s] [ 50%] [32mBuilding CXX object CMakeFiles/antar_listener.dir/src/antar.cpp.o[0m
[5.483s] [01m[K/home/kevin/ws_RumahMakan/src/antar_menu/src/orderan.cpp:[m[K In constructor ‘[01m[KOrderanPublisher::OrderanPublisher()[m[K’:
[5.483s] [01m[K/home/kevin/ws_RumahMakan/src/antar_menu/src/orderan.cpp:20:9:[m[K [01;31m[Kerror: [m[K‘[01m[Kpesanan_list_[m[K’ was not declared in this scope
[5.483s]    20 |         [01;31m[Kpesanan_list_[m[K = {"Nasi Goreng", "Mie Ayam", "Bakso", "Sop", "Soto", "Pizza", "Steak", "Burger", "Sushi", "Ramen", "Pasta", "Kebab"};
[5.483s]       |         [01;31m[K^~~~~~~~~~~~~[m[K
[5.485s] [01m[K/home/kevin/ws_RumahMakan/src/antar_menu/src/orderan.cpp:23:9:[m[K [01;31m[Kerror: [m[K‘[01m[Kgen_[m[K’ was not declared in this scope
[5.485s]    23 |         [01;31m[Kgen_[m[K = std::mt164_64(rd());
[5.485s]       |         [01;31m[K^~~~[m[K
[5.486s] [01m[K/home/kevin/ws_RumahMakan/src/antar_menu/src/orderan.cpp:23:21:[m[K [01;31m[Kerror: [m[K‘[01m[Kmt164_64[m[K’ is not a member of ‘[01m[Kstd[m[K’; did you mean ‘[01m[Kmt19937_64[m[K’?
[5.486s]    23 |         gen_ = std::[01;31m[Kmt164_64[m[K(rd());
[5.486s]       |                     [01;31m[K^~~~~~~~[m[K
[5.486s]       |                     [32m[Kmt19937_64[m[K
[5.488s] [01m[K/home/kevin/ws_RumahMakan/src/antar_menu/src/orderan.cpp:24:9:[m[K [01;31m[Kerror: [m[K‘[01m[Kdist_[m[K’ was not declared in this scope
[5.488s]    24 |         [01;31m[Kdist_[m[K = std::uniform_int_distribution<>(0, pesanan_list_.size() - 1);
[5.488s]       |         [01;31m[K^~~~~[m[K
[5.490s] [01m[K/home/kevin/ws_RumahMakan/src/antar_menu/src/antar.cpp:[m[K In constructor ‘[01m[KAntarSubscriber::AntarSubscriber()[m[K’:
[5.490s] [01m[K/home/kevin/ws_RumahMakan/src/antar_menu/src/antar.cpp:19:39:[m[K [01;31m[Kerror: [m[K‘[01m[KMinimalSubscriber[m[K’ has not been declared
[5.490s]    19 |         "masak_topic", 10, std::bind(&[01;31m[KMinimalSubscriber[m[K::topic_callback, this, _1));
[5.490s]       |                                       [01;31m[K^~~~~~~~~~~~~~~~~[m[K
[5.493s] [01m[K/home/kevin/ws_RumahMakan/src/antar_menu/src/antar.cpp:[m[K In member function ‘[01m[Kvoid AntarSubscriber::topic_callback(std_msgs::msg::String_<std::allocator<void> >::SharedPtr) const[m[K’:
[5.493s] [01m[K/home/kevin/ws_RumahMakan/src/antar_menu/src/antar.cpp:25:14:[m[K [01;31m[Kerror: [m[K‘[01m[Kmakanan[m[K’ is not a member of ‘[01m[Kstd[m[K’
[5.493s]    25 |         std::[01;31m[Kmakanan[m[K = msg->data;
[5.493s]       |              [01;31m[K^~~~~~~[m[K
[5.496s] In file included from [01m[K/opt/ros/humble/include/rclcpp/rclcpp/logging.hpp:24[m[K,
[5.496s]                  from [01m[K/opt/ros/humble/include/rclcpp/rclcpp/client.hpp:40[m[K,
[5.496s]                  from [01m[K/opt/ros/humble/include/rclcpp/rclcpp/callback_group.hpp:24[m[K,
[5.496s]                  from [01m[K/opt/ros/humble/include/rclcpp/rclcpp/any_executable.hpp:20[m[K,
[5.496s]                  from [01m[K/opt/ros/humble/include/rclcpp/rclcpp/memory_strategy.hpp:25[m[K,
[5.496s]                  from [01m[K/opt/ros/humble/include/rclcpp/rclcpp/memory_strategies.hpp:18[m[K,
[5.497s]                  from [01m[K/opt/ros/humble/include/rclcpp/rclcpp/executor_options.hpp:20[m[K,
[5.497s]                  from [01m[K/opt/ros/humble/include/rclcpp/rclcpp/executor.hpp:37[m[K,
[5.497s]                  from [01m[K/opt/ros/humble/include/rclcpp/rclcpp/executors/multi_threaded_executor.hpp:25[m[K,
[5.497s]                  from [01m[K/opt/ros/humble/include/rclcpp/rclcpp/executors.hpp:21[m[K,
[5.497s]                  from [01m[K/opt/ros/humble/include/rclcpp/rclcpp/rclcpp.hpp:155[m[K,
[5.497s]                  from [01m[K/home/kevin/ws_RumahMakan/src/antar_menu/src/antar.cpp:6[m[K:
[5.497s] [01m[K/home/kevin/ws_RumahMakan/src/antar_menu/src/antar.cpp:26:59:[m[K [01;31m[Kerror: [m[K‘[01m[Kmakanan[m[K’ was not declared in this scope
[5.497s]    26 |         RCLCPP_INFO(this->get_logger(), "Diterima: '%s'", [01;31m[Kmakanan[m[K.c_str());
[5.497s]       |                                                           [01;31m[K^~~~~~~[m[K
[5.498s] [01m[K/home/kevin/ws_RumahMakan/src/antar_menu/src/orderan.cpp:[m[K In member function ‘[01m[Kvoid OrderanPublisher::timer_callback()[m[K’:
[5.498s] [01m[K/home/kevin/ws_RumahMakan/src/antar_menu/src/orderan.cpp:33:34:[m[K [01;31m[Kerror: [m[K‘[01m[Kgen_[m[K’ was not declared in this scope
[5.498s]    33 |         int random_index = dist_([01;31m[Kgen_[m[K);
[5.498s]       |                                  [01;31m[K^~~~[m[K
[5.499s] [01m[K/home/kevin/ws_RumahMakan/src/antar_menu/src/antar.cpp:31:74:[m[K [01;31m[Kerror: [m[K‘[01m[Kmakanan[m[K’ was not declared in this scope
[5.499s]    31 |         RCLCPP_INFO(this->get_logger(), "Selesai! '%s' siap disajikan.", [01;31m[Kmakanan[m[K.c_str());
[5.499s]       |                                                                          [01;31m[K^~~~~~~[m[K
[5.500s] [01m[K/home/kevin/ws_RumahMakan/src/antar_menu/src/orderan.cpp:33:28:[m[K [01;31m[Kerror: [m[K‘[01m[Kdist_[m[K’ was not declared in this scope
[5.500s]    33 |         int random_index = [01;31m[Kdist_[m[K(gen_);
[5.500s]       |                            [01;31m[K^~~~~[m[K
[5.504s] [01m[K/home/kevin/ws_RumahMakan/src/antar_menu/src/orderan.cpp:34:36:[m[K [01;31m[Kerror: [m[K‘[01m[Kpesanan_list_[m[K’ was not declared in this scope
[5.504s]    34 |         std::string random_order = [01;31m[Kpesanan_list_[m[K[random_index];
[5.504s]       |                                    [01;31m[K^~~~~~~~~~~~~[m[K
[5.764s] gmake[2]: *** [CMakeFiles/antar_listener.dir/build.make:76: CMakeFiles/antar_listener.dir/src/antar.cpp.o] Error 1
[5.764s] gmake[1]: *** [CMakeFiles/Makefile2:165: CMakeFiles/antar_listener.dir/all] Error 2
[5.764s] gmake[1]: *** Waiting for unfinished jobs....
[5.984s] gmake[2]: *** [CMakeFiles/orderan_talker.dir/build.make:76: CMakeFiles/orderan_talker.dir/src/orderan.cpp.o] Error 1
[5.984s] gmake[1]: *** [CMakeFiles/Makefile2:139: CMakeFiles/orderan_talker.dir/all] Error 2
[5.984s] gmake: *** [Makefile:146: all] Error 2
[5.986s] Invoked command in '/home/kevin/ws_RumahMakan/build/antar_menu' returned '2': CMAKE_PREFIX_PATH=/opt/ros/humble /usr/bin/cmake --build /home/kevin/ws_RumahMakan/build/antar_menu -- -j20 -l20
