-- The C compiler identification is GNU 11.4.0
-- The CXX compiler identification is GNU 11.4.0
-- Detecting C compiler ABI info
-- Detecting C compiler ABI info - done
-- Check for working C compiler: /usr/bin/cc - skipped
-- Detecting C compile features
-- Detecting C compile features - done
-- Detecting CXX compiler ABI info
-- Detecting CXX compiler ABI info - done
-- Check for working CXX compiler: /usr/bin/c++ - skipped
-- Detecting CXX compile features
-- Detecting CXX compile features - done
-- Found ament_cmake: 1.3.13 (/opt/ros/humble/share/ament_cmake/cmake)
-- Found Python3: /usr/bin/python3 (found version "3.10.12") found components: Interpreter 
-- Found rclcpp: 16.0.18 (/opt/ros/humble/share/rclcpp/cmake)
-- Found rosidl_generator_c: 3.1.8 (/opt/ros/humble/share/rosidl_generator_c/cmake)
-- Found rosidl_adapter: 3.1.8 (/opt/ros/humble/share/rosidl_adapter/cmake)
-- Found rosidl_generator_cpp: 3.1.8 (/opt/ros/humble/share/rosidl_generator_cpp/cmake)
-- Using all available rosidl_typesupport_c: rosidl_typesupport_fastrtps_c;rosidl_typesupport_introspection_c
-- Using all available rosidl_typesupport_cpp: rosidl_typesupport_fastrtps_cpp;rosidl_typesupport_introspection_cpp
-- Found rmw_implementation_cmake: 6.1.2 (/opt/ros/humble/share/rmw_implementation_cmake/cmake)
-- Found rmw_fastrtps_cpp: 6.2.10 (/opt/ros/humble/share/rmw_fastrtps_cpp/cmake)
-- Found OpenSSL: /usr/lib/x86_64-linux-gnu/libcrypto.so (found version "3.0.2")  
-- Found FastRTPS: /opt/ros/humble/include  
-- Using RMW implementation 'rmw_fastrtps_cpp' as default
-- Looking for pthread.h
-- Looking for pthread.h - found
-- Performing Test CMAKE_HAVE_LIBC_PTHREAD
-- Performing Test CMAKE_HAVE_LIBC_PTHREAD - Success
-- Found Threads: TRUE  
-- Found ament_lint_auto: 0.12.15 (/opt/ros/humble/share/ament_lint_auto/cmake)
-- Added test 'cppcheck' to perform static code analysis on C / C++ code
-- Configured cppcheck include dirs: 
-- Configured cppcheck exclude dirs and/or files: 
-- Added test 'lint_cmake' to check CMake code style
-- Added test 'uncrustify' to check C / C++ code style
-- Configured uncrustify additional arguments: 
-- Added test 'xmllint' to check XML markup files
-- Configuring done
-- Generating done
-- Build files have been written to: /mnt/c/URO/Tugas Day 1/Tugas_Day1_Sekuro/src/ros_soal_1/build/antar_menu
[ 50%] [32mBuilding CXX object CMakeFiles/orderan_talker.dir/src/orderan.cpp.o[0m
[ 50%] [32mBuilding CXX object CMakeFiles/antar_listener.dir/src/antar.cpp.o[0m
[ 75%] [32m[1mLinking CXX executable orderan_talker[0m
[ 75%] Built target orderan_talker
[100%] [32m[1mLinking CXX executable antar_listener[0m
[100%] Built target antar_listener
-- Install configuration: ""
-- Installing: /mnt/c/URO/Tugas Day 1/Tugas_Day1_Sekuro/src/ros_soal_1/install/antar_menu/lib/antar_menu/orderan_talker
-- Set runtime path of "/mnt/c/URO/Tugas Day 1/Tugas_Day1_Sekuro/src/ros_soal_1/install/antar_menu/lib/antar_menu/orderan_talker" to ""
-- Installing: /mnt/c/URO/Tugas Day 1/Tugas_Day1_Sekuro/src/ros_soal_1/install/antar_menu/lib/antar_menu/antar_listener
-- Set runtime path of "/mnt/c/URO/Tugas Day 1/Tugas_Day1_Sekuro/src/ros_soal_1/install/antar_menu/lib/antar_menu/antar_listener" to ""
-- Installing: /mnt/c/URO/Tugas Day 1/Tugas_Day1_Sekuro/src/ros_soal_1/install/antar_menu/share/ament_index/resource_index/package_run_dependencies/antar_menu
-- Installing: /mnt/c/URO/Tugas Day 1/Tugas_Day1_Sekuro/src/ros_soal_1/install/antar_menu/share/ament_index/resource_index/parent_prefix_path/antar_menu
-- Installing: /mnt/c/URO/Tugas Day 1/Tugas_Day1_Sekuro/src/ros_soal_1/install/antar_menu/share/antar_menu/environment/ament_prefix_path.sh
-- Installing: /mnt/c/URO/Tugas Day 1/Tugas_Day1_Sekuro/src/ros_soal_1/install/antar_menu/share/antar_menu/environment/ament_prefix_path.dsv
-- Installing: /mnt/c/URO/Tugas Day 1/Tugas_Day1_Sekuro/src/ros_soal_1/install/antar_menu/share/antar_menu/environment/path.sh
-- Installing: /mnt/c/URO/Tugas Day 1/Tugas_Day1_Sekuro/src/ros_soal_1/install/antar_menu/share/antar_menu/environment/path.dsv
-- Installing: /mnt/c/URO/Tugas Day 1/Tugas_Day1_Sekuro/src/ros_soal_1/install/antar_menu/share/antar_menu/local_setup.bash
-- Installing: /mnt/c/URO/Tugas Day 1/Tugas_Day1_Sekuro/src/ros_soal_1/install/antar_menu/share/antar_menu/local_setup.sh
-- Installing: /mnt/c/URO/Tugas Day 1/Tugas_Day1_Sekuro/src/ros_soal_1/install/antar_menu/share/antar_menu/local_setup.zsh
-- Installing: /mnt/c/URO/Tugas Day 1/Tugas_Day1_Sekuro/src/ros_soal_1/install/antar_menu/share/antar_menu/local_setup.dsv
-- Installing: /mnt/c/URO/Tugas Day 1/Tugas_Day1_Sekuro/src/ros_soal_1/install/antar_menu/share/antar_menu/package.dsv
-- Installing: /mnt/c/URO/Tugas Day 1/Tugas_Day1_Sekuro/src/ros_soal_1/install/antar_menu/share/ament_index/resource_index/packages/antar_menu
-- Installing: /mnt/c/URO/Tugas Day 1/Tugas_Day1_Sekuro/src/ros_soal_1/install/antar_menu/share/antar_menu/cmake/antar_menuConfig.cmake
-- Installing: /mnt/c/URO/Tugas Day 1/Tugas_Day1_Sekuro/src/ros_soal_1/install/antar_menu/share/antar_menu/cmake/antar_menuConfig-version.cmake
-- Installing: /mnt/c/URO/Tugas Day 1/Tugas_Day1_Sekuro/src/ros_soal_1/install/antar_menu/share/antar_menu/package.xml
