[0.063s] Invoking command in '/mnt/c/URO/Tugas Day 1/Tugas_Day1_Sekuro/src/ros_soal_1/build/antar_menu': CMAKE_PREFIX_PATH=${CMAKE_PREFIX_PATH}:/opt/ros/humble /usr/bin/cmake /mnt/c/URO/Tugas Day 1/Tugas_Day1_Sekuro/src/ros_soal_1/ws_RumahMakan/src/antar_menu -DCMAKE_INSTALL_PREFIX=/mnt/c/URO/Tugas Day 1/Tugas_Day1_Sekuro/src/ros_soal_1/install/antar_menu
[0.441s] -- The C compiler identification is GNU 11.4.0
[0.925s] -- The CXX compiler identification is GNU 11.4.0
[1.178s] -- Detecting C compiler ABI info
[1.965s] -- Detecting C compiler ABI info - done
[2.075s] -- Check for working C compiler: /usr/bin/cc - skipped
[2.081s] -- Detecting C compile features
[2.085s] -- Detecting C compile features - done
[2.161s] -- Detecting CXX compiler ABI info
[2.790s] -- Detecting CXX compiler ABI info - done
[2.826s] -- Check for working CXX compiler: /usr/bin/c++ - skipped
[2.827s] -- Detecting CXX compile features
[2.827s] -- Detecting CXX compile features - done
[2.890s] -- Found ament_cmake: 1.3.13 (/opt/ros/humble/share/ament_cmake/cmake)
[2.992s] -- Found Python3: /usr/bin/python3 (found version "3.10.12") found components: Interpreter 
[3.167s] -- Found rclcpp: 16.0.18 (/opt/ros/humble/share/rclcpp/cmake)
[3.276s] -- Found rosidl_generator_c: 3.1.8 (/opt/ros/humble/share/rosidl_generator_c/cmake)
[3.280s] -- Found rosidl_adapter: 3.1.8 (/opt/ros/humble/share/rosidl_adapter/cmake)
[3.289s] -- Found rosidl_generator_cpp: 3.1.8 (/opt/ros/humble/share/rosidl_generator_cpp/cmake)
[3.304s] -- Using all available rosidl_typesupport_c: rosidl_typesupport_fastrtps_c;rosidl_typesupport_introspection_c
[3.320s] -- Using all available rosidl_typesupport_cpp: rosidl_typesupport_fastrtps_cpp;rosidl_typesupport_introspection_cpp
[3.362s] -- Found rmw_implementation_cmake: 6.1.2 (/opt/ros/humble/share/rmw_implementation_cmake/cmake)
[3.366s] -- Found rmw_fastrtps_cpp: 6.2.10 (/opt/ros/humble/share/rmw_fastrtps_cpp/cmake)
[4.055s] -- Found OpenSSL: /usr/lib/x86_64-linux-gnu/libcrypto.so (found version "3.0.2")  
[4.785s] -- Found FastRTPS: /opt/ros/humble/include  
[6.083s] -- Using RMW implementation 'rmw_fastrtps_cpp' as default
[6.136s] -- Looking for pthread.h
[6.730s] -- Looking for pthread.h - found
[6.747s] -- Performing Test CMAKE_HAVE_LIBC_PTHREAD
[7.402s] -- Performing Test CMAKE_HAVE_LIBC_PTHREAD - Success
[7.406s] -- Found Threads: TRUE  
[7.458s] -- Found ament_lint_auto: 0.12.15 (/opt/ros/humble/share/ament_lint_auto/cmake)
[8.150s] -- Added test 'cppcheck' to perform static code analysis on C / C++ code
[8.151s] -- Configured cppcheck include dirs: 
[8.151s] -- Configured cppcheck exclude dirs and/or files: 
[8.264s] -- Added test 'lint_cmake' to check CMake code style
[8.585s] -- Added test 'uncrustify' to check C / C++ code style
[8.585s] -- Configured uncrustify additional arguments: 
[8.628s] -- Added test 'xmllint' to check XML markup files
[8.731s] -- Configuring done
[9.239s] -- Generating done
[9.545s] -- Build files have been written to: /mnt/c/URO/Tugas Day 1/Tugas_Day1_Sekuro/src/ros_soal_1/build/antar_menu
[9.551s] Invoked command in '/mnt/c/URO/Tugas Day 1/Tugas_Day1_Sekuro/src/ros_soal_1/build/antar_menu' returned '0': CMAKE_PREFIX_PATH=${CMAKE_PREFIX_PATH}:/opt/ros/humble /usr/bin/cmake /mnt/c/URO/Tugas Day 1/Tugas_Day1_Sekuro/src/ros_soal_1/ws_RumahMakan/src/antar_menu -DCMAKE_INSTALL_PREFIX=/mnt/c/URO/Tugas Day 1/Tugas_Day1_Sekuro/src/ros_soal_1/install/antar_menu
[9.563s] Invoking command in '/mnt/c/URO/Tugas Day 1/Tugas_Day1_Sekuro/src/ros_soal_1/build/antar_menu': CMAKE_PREFIX_PATH=${CMAKE_PREFIX_PATH}:/opt/ros/humble /usr/bin/cmake --build /mnt/c/URO/Tugas Day 1/Tugas_Day1_Sekuro/src/ros_soal_1/build/antar_menu -- -j20 -l20
[9.687s] [ 50%] [32mBuilding CXX object CMakeFiles/orderan_talker.dir/src/orderan.cpp.o[0m
[9.689s] [ 50%] [32mBuilding CXX object CMakeFiles/antar_listener.dir/src/antar.cpp.o[0m
[13.115s] [ 75%] [32m[1mLinking CXX executable orderan_talker[0m
[14.638s] [ 75%] Built target orderan_talker
[15.913s] [100%] [32m[1mLinking CXX executable antar_listener[0m
[19.389s] [100%] Built target antar_listener
[19.435s] Invoked command in '/mnt/c/URO/Tugas Day 1/Tugas_Day1_Sekuro/src/ros_soal_1/build/antar_menu' returned '0': CMAKE_PREFIX_PATH=${CMAKE_PREFIX_PATH}:/opt/ros/humble /usr/bin/cmake --build /mnt/c/URO/Tugas Day 1/Tugas_Day1_Sekuro/src/ros_soal_1/build/antar_menu -- -j20 -l20
[19.476s] Invoking command in '/mnt/c/URO/Tugas Day 1/Tugas_Day1_Sekuro/src/ros_soal_1/build/antar_menu': CMAKE_PREFIX_PATH=${CMAKE_PREFIX_PATH}:/opt/ros/humble /usr/bin/cmake --install /mnt/c/URO/Tugas Day 1/Tugas_Day1_Sekuro/src/ros_soal_1/build/antar_menu
[19.486s] -- Install configuration: ""
[19.521s] -- Installing: /mnt/c/URO/Tugas Day 1/Tugas_Day1_Sekuro/src/ros_soal_1/install/antar_menu/lib/antar_menu/orderan_talker
[19.765s] -- Set runtime path of "/mnt/c/URO/Tugas Day 1/Tugas_Day1_Sekuro/src/ros_soal_1/install/antar_menu/lib/antar_menu/orderan_talker" to ""
[19.794s] -- Installing: /mnt/c/URO/Tugas Day 1/Tugas_Day1_Sekuro/src/ros_soal_1/install/antar_menu/lib/antar_menu/antar_listener
[20.145s] -- Set runtime path of "/mnt/c/URO/Tugas Day 1/Tugas_Day1_Sekuro/src/ros_soal_1/install/antar_menu/lib/antar_menu/antar_listener" to ""
[20.192s] -- Installing: /mnt/c/URO/Tugas Day 1/Tugas_Day1_Sekuro/src/ros_soal_1/install/antar_menu/share/ament_index/resource_index/package_run_dependencies/antar_menu
[20.286s] -- Installing: /mnt/c/URO/Tugas Day 1/Tugas_Day1_Sekuro/src/ros_soal_1/install/antar_menu/share/ament_index/resource_index/parent_prefix_path/antar_menu
[20.361s] -- Installing: /mnt/c/URO/Tugas Day 1/Tugas_Day1_Sekuro/src/ros_soal_1/install/antar_menu/share/antar_menu/environment/ament_prefix_path.sh
[20.415s] -- Installing: /mnt/c/URO/Tugas Day 1/Tugas_Day1_Sekuro/src/ros_soal_1/install/antar_menu/share/antar_menu/environment/ament_prefix_path.dsv
[20.478s] -- Installing: /mnt/c/URO/Tugas Day 1/Tugas_Day1_Sekuro/src/ros_soal_1/install/antar_menu/share/antar_menu/environment/path.sh
[20.531s] -- Installing: /mnt/c/URO/Tugas Day 1/Tugas_Day1_Sekuro/src/ros_soal_1/install/antar_menu/share/antar_menu/environment/path.dsv
[20.583s] -- Installing: /mnt/c/URO/Tugas Day 1/Tugas_Day1_Sekuro/src/ros_soal_1/install/antar_menu/share/antar_menu/local_setup.bash
[20.626s] -- Installing: /mnt/c/URO/Tugas Day 1/Tugas_Day1_Sekuro/src/ros_soal_1/install/antar_menu/share/antar_menu/local_setup.sh
[20.675s] -- Installing: /mnt/c/URO/Tugas Day 1/Tugas_Day1_Sekuro/src/ros_soal_1/install/antar_menu/share/antar_menu/local_setup.zsh
[20.719s] -- Installing: /mnt/c/URO/Tugas Day 1/Tugas_Day1_Sekuro/src/ros_soal_1/install/antar_menu/share/antar_menu/local_setup.dsv
[20.766s] -- Installing: /mnt/c/URO/Tugas Day 1/Tugas_Day1_Sekuro/src/ros_soal_1/install/antar_menu/share/antar_menu/package.dsv
[20.894s] -- Installing: /mnt/c/URO/Tugas Day 1/Tugas_Day1_Sekuro/src/ros_soal_1/install/antar_menu/share/ament_index/resource_index/packages/antar_menu
[20.983s] -- Installing: /mnt/c/URO/Tugas Day 1/Tugas_Day1_Sekuro/src/ros_soal_1/install/antar_menu/share/antar_menu/cmake/antar_menuConfig.cmake
[21.036s] -- Installing: /mnt/c/URO/Tugas Day 1/Tugas_Day1_Sekuro/src/ros_soal_1/install/antar_menu/share/antar_menu/cmake/antar_menuConfig-version.cmake
[21.097s] -- Installing: /mnt/c/URO/Tugas Day 1/Tugas_Day1_Sekuro/src/ros_soal_1/install/antar_menu/share/antar_menu/package.xml
[21.137s] Invoked command in '/mnt/c/URO/Tugas Day 1/Tugas_Day1_Sekuro/src/ros_soal_1/build/antar_menu' returned '0': CMAKE_PREFIX_PATH=${CMAKE_PREFIX_PATH}:/opt/ros/humble /usr/bin/cmake --install /mnt/c/URO/Tugas Day 1/Tugas_Day1_Sekuro/src/ros_soal_1/build/antar_menu
