[0.179s] DEBUG:colcon:Command line arguments: ['/usr/bin/colcon', 'build']
[0.180s] DEBUG:colcon:Parsed command line arguments: Namespace(log_base=None, log_level=None, verb_name='build', build_base='build', install_base='install', merge_install=False, symlink_install=False, test_result_base=None, continue_on_error=False, executor='parallel', parallel_workers=20, event_handlers=None, ignore_user_meta=False, metas=['./colcon.meta'], base_paths=['.'], packages_ignore=None, packages_ignore_regex=None, paths=None, packages_up_to=None, packages_up_to_regex=None, packages_above=None, packages_above_and_dependencies=None, packages_above_depth=None, packages_select_by_dep=None, packages_skip_by_dep=None, packages_skip_up_to=None, packages_select_build_failed=False, packages_skip_build_finished=False, packages_select_test_failures=False, packages_skip_test_passed=False, packages_select=None, packages_skip=None, packages_select_regex=None, packages_skip_regex=None, packages_start=None, packages_end=None, allow_overriding=[], cmake_args=None, cmake_target=None, cmake_target_skip_unavailable=False, cmake_clean_cache=False, cmake_clean_first=False, cmake_force_configure=False, ament_cmake_args=None, catkin_cmake_args=None, catkin_skip_building_tests=False, verb_parser=<colcon_defaults.argument_parser.defaults.DefaultArgumentsDecorator object at 0x7e93d5f1f100>, verb_extension=<colcon_core.verb.build.BuildVerb object at 0x7e93d5f1ebf0>, main=<bound method BuildVerb.main of <colcon_core.verb.build.BuildVerb object at 0x7e93d5f1ebf0>>)
[0.433s] Level 1:colcon.colcon_core.package_discovery:discover_packages(colcon_meta) check parameters
[0.433s] Level 1:colcon.colcon_core.package_discovery:discover_packages(recursive) check parameters
[0.434s] Level 1:colcon.colcon_core.package_discovery:discover_packages(ignore) check parameters
[0.434s] Level 1:colcon.colcon_core.package_discovery:discover_packages(path) check parameters
[0.434s] Level 1:colcon.colcon_core.package_discovery:discover_packages(colcon_meta) discover
[0.434s] Level 1:colcon.colcon_core.package_discovery:discover_packages(recursive) discover
[0.434s] INFO:colcon.colcon_core.package_discovery:Crawling recursively for packages in '/mnt/c/URO/Tugas Day 1/Tugas_Day1_Sekuro/src/ros_soal_1'
[0.436s] Level 1:colcon.colcon_core.package_identification:_identify(.) by extensions ['ignore', 'ignore_ament_install']
[0.436s] Level 1:colcon.colcon_core.package_identification:_identify(.) by extension 'ignore'
[0.436s] Level 1:colcon.colcon_core.package_identification:_identify(.) by extension 'ignore_ament_install'
[0.437s] Level 1:colcon.colcon_core.package_identification:_identify(.) by extensions ['colcon_pkg']
[0.437s] Level 1:colcon.colcon_core.package_identification:_identify(.) by extension 'colcon_pkg'
[0.437s] Level 1:colcon.colcon_core.package_identification:_identify(.) by extensions ['colcon_meta']
[0.437s] Level 1:colcon.colcon_core.package_identification:_identify(.) by extension 'colcon_meta'
[0.438s] Level 1:colcon.colcon_core.package_identification:_identify(.) by extensions ['ros']
[0.438s] Level 1:colcon.colcon_core.package_identification:_identify(.) by extension 'ros'
[0.449s] Level 1:colcon.colcon_core.package_identification:_identify(.) by extensions ['cmake', 'python']
[0.449s] Level 1:colcon.colcon_core.package_identification:_identify(.) by extension 'cmake'
[0.450s] Level 1:colcon.colcon_core.package_identification:_identify(.) by extension 'python'
[0.450s] Level 1:colcon.colcon_core.package_identification:_identify(.) by extensions ['python_setup_py']
[0.450s] Level 1:colcon.colcon_core.package_identification:_identify(.) by extension 'python_setup_py'
[0.452s] Level 1:colcon.colcon_core.package_identification:_identify(build) by extensions ['ignore', 'ignore_ament_install']
[0.453s] Level 1:colcon.colcon_core.package_identification:_identify(build) by extension 'ignore'
[0.454s] Level 1:colcon.colcon_core.package_identification:_identify(build) ignored
[0.456s] Level 1:colcon.colcon_core.package_identification:_identify(install) by extensions ['ignore', 'ignore_ament_install']
[0.456s] Level 1:colcon.colcon_core.package_identification:_identify(install) by extension 'ignore'
[0.458s] Level 1:colcon.colcon_core.package_identification:_identify(install) ignored
[0.462s] Level 1:colcon.colcon_core.package_identification:_identify(log) by extensions ['ignore', 'ignore_ament_install']
[0.462s] Level 1:colcon.colcon_core.package_identification:_identify(log) by extension 'ignore'
[0.463s] Level 1:colcon.colcon_core.package_identification:_identify(log) ignored
[0.465s] Level 1:colcon.colcon_core.package_identification:_identify(ws_RumahMakan) by extensions ['ignore', 'ignore_ament_install']
[0.465s] Level 1:colcon.colcon_core.package_identification:_identify(ws_RumahMakan) by extension 'ignore'
[0.466s] Level 1:colcon.colcon_core.package_identification:_identify(ws_RumahMakan) by extension 'ignore_ament_install'
[0.467s] Level 1:colcon.colcon_core.package_identification:_identify(ws_RumahMakan) by extensions ['colcon_pkg']
[0.467s] Level 1:colcon.colcon_core.package_identification:_identify(ws_RumahMakan) by extension 'colcon_pkg'
[0.468s] Level 1:colcon.colcon_core.package_identification:_identify(ws_RumahMakan) by extensions ['colcon_meta']
[0.468s] Level 1:colcon.colcon_core.package_identification:_identify(ws_RumahMakan) by extension 'colcon_meta'
[0.468s] Level 1:colcon.colcon_core.package_identification:_identify(ws_RumahMakan) by extensions ['ros']
[0.469s] Level 1:colcon.colcon_core.package_identification:_identify(ws_RumahMakan) by extension 'ros'
[0.471s] Level 1:colcon.colcon_core.package_identification:_identify(ws_RumahMakan) by extensions ['cmake', 'python']
[0.471s] Level 1:colcon.colcon_core.package_identification:_identify(ws_RumahMakan) by extension 'cmake'
[0.472s] Level 1:colcon.colcon_core.package_identification:_identify(ws_RumahMakan) by extension 'python'
[0.473s] Level 1:colcon.colcon_core.package_identification:_identify(ws_RumahMakan) by extensions ['python_setup_py']
[0.473s] Level 1:colcon.colcon_core.package_identification:_identify(ws_RumahMakan) by extension 'python_setup_py'
[0.477s] Level 1:colcon.colcon_core.package_identification:_identify(ws_RumahMakan/build) by extensions ['ignore', 'ignore_ament_install']
[0.477s] Level 1:colcon.colcon_core.package_identification:_identify(ws_RumahMakan/build) by extension 'ignore'
[0.479s] Level 1:colcon.colcon_core.package_identification:_identify(ws_RumahMakan/build) ignored
[0.482s] Level 1:colcon.colcon_core.package_identification:_identify(ws_RumahMakan/install) by extensions ['ignore', 'ignore_ament_install']
[0.482s] Level 1:colcon.colcon_core.package_identification:_identify(ws_RumahMakan/install) by extension 'ignore'
[0.484s] Level 1:colcon.colcon_core.package_identification:_identify(ws_RumahMakan/install) ignored
[0.489s] Level 1:colcon.colcon_core.package_identification:_identify(ws_RumahMakan/log) by extensions ['ignore', 'ignore_ament_install']
[0.490s] Level 1:colcon.colcon_core.package_identification:_identify(ws_RumahMakan/log) by extension 'ignore'
[0.491s] Level 1:colcon.colcon_core.package_identification:_identify(ws_RumahMakan/log) ignored
[0.494s] Level 1:colcon.colcon_core.package_identification:_identify(ws_RumahMakan/src) by extensions ['ignore', 'ignore_ament_install']
[0.494s] Level 1:colcon.colcon_core.package_identification:_identify(ws_RumahMakan/src) by extension 'ignore'
[0.495s] Level 1:colcon.colcon_core.package_identification:_identify(ws_RumahMakan/src) by extension 'ignore_ament_install'
[0.497s] Level 1:colcon.colcon_core.package_identification:_identify(ws_RumahMakan/src) by extensions ['colcon_pkg']
[0.497s] Level 1:colcon.colcon_core.package_identification:_identify(ws_RumahMakan/src) by extension 'colcon_pkg'
[0.498s] Level 1:colcon.colcon_core.package_identification:_identify(ws_RumahMakan/src) by extensions ['colcon_meta']
[0.498s] Level 1:colcon.colcon_core.package_identification:_identify(ws_RumahMakan/src) by extension 'colcon_meta'
[0.499s] Level 1:colcon.colcon_core.package_identification:_identify(ws_RumahMakan/src) by extensions ['ros']
[0.500s] Level 1:colcon.colcon_core.package_identification:_identify(ws_RumahMakan/src) by extension 'ros'
[0.504s] Level 1:colcon.colcon_core.package_identification:_identify(ws_RumahMakan/src) by extensions ['cmake', 'python']
[0.504s] Level 1:colcon.colcon_core.package_identification:_identify(ws_RumahMakan/src) by extension 'cmake'
[0.505s] Level 1:colcon.colcon_core.package_identification:_identify(ws_RumahMakan/src) by extension 'python'
[0.506s] Level 1:colcon.colcon_core.package_identification:_identify(ws_RumahMakan/src) by extensions ['python_setup_py']
[0.506s] Level 1:colcon.colcon_core.package_identification:_identify(ws_RumahMakan/src) by extension 'python_setup_py'
[0.512s] Level 1:colcon.colcon_core.package_identification:_identify(ws_RumahMakan/src/antar_menu) by extensions ['ignore', 'ignore_ament_install']
[0.512s] Level 1:colcon.colcon_core.package_identification:_identify(ws_RumahMakan/src/antar_menu) by extension 'ignore'
[0.513s] Level 1:colcon.colcon_core.package_identification:_identify(ws_RumahMakan/src/antar_menu) by extension 'ignore_ament_install'
[0.515s] Level 1:colcon.colcon_core.package_identification:_identify(ws_RumahMakan/src/antar_menu) by extensions ['colcon_pkg']
[0.515s] Level 1:colcon.colcon_core.package_identification:_identify(ws_RumahMakan/src/antar_menu) by extension 'colcon_pkg'
[0.518s] Level 1:colcon.colcon_core.package_identification:_identify(ws_RumahMakan/src/antar_menu) by extensions ['colcon_meta']
[0.518s] Level 1:colcon.colcon_core.package_identification:_identify(ws_RumahMakan/src/antar_menu) by extension 'colcon_meta'
[0.521s] Level 1:colcon.colcon_core.package_identification:_identify(ws_RumahMakan/src/antar_menu) by extensions ['ros']
[0.522s] Level 1:colcon.colcon_core.package_identification:_identify(ws_RumahMakan/src/antar_menu) by extension 'ros'
[0.539s] DEBUG:colcon.colcon_core.package_identification:Package 'ws_RumahMakan/src/antar_menu' with type 'ros.ament_cmake' and name 'antar_menu'
[0.539s] Level 1:colcon.colcon_core.package_discovery:discover_packages(recursive) using defaults
[0.539s] Level 1:colcon.colcon_core.package_discovery:discover_packages(ignore) discover
[0.539s] Level 1:colcon.colcon_core.package_discovery:discover_packages(ignore) using defaults
[0.540s] Level 1:colcon.colcon_core.package_discovery:discover_packages(path) discover
[0.540s] Level 1:colcon.colcon_core.package_discovery:discover_packages(path) using defaults
[0.565s] Level 1:colcon.colcon_core.package_discovery:discover_packages(prefix_path) check parameters
[0.566s] Level 1:colcon.colcon_core.package_discovery:discover_packages(prefix_path) discover
[0.569s] DEBUG:colcon.colcon_installed_package_information.package_discovery:Found 1 installed packages in /home/kevin/ws_13525053_TegalJaya/install
[0.570s] DEBUG:colcon.colcon_installed_package_information.package_discovery:Found 272 installed packages in /opt/ros/humble
[0.572s] Level 1:colcon.colcon_core.package_discovery:discover_packages(prefix_path) using defaults
[0.634s] Level 5:colcon.colcon_core.verb:set package 'antar_menu' build argument 'cmake_args' from command line to 'None'
[0.634s] Level 5:colcon.colcon_core.verb:set package 'antar_menu' build argument 'cmake_target' from command line to 'None'
[0.634s] Level 5:colcon.colcon_core.verb:set package 'antar_menu' build argument 'cmake_target_skip_unavailable' from command line to 'False'
[0.634s] Level 5:colcon.colcon_core.verb:set package 'antar_menu' build argument 'cmake_clean_cache' from command line to 'False'
[0.635s] Level 5:colcon.colcon_core.verb:set package 'antar_menu' build argument 'cmake_clean_first' from command line to 'False'
[0.635s] Level 5:colcon.colcon_core.verb:set package 'antar_menu' build argument 'cmake_force_configure' from command line to 'False'
[0.635s] Level 5:colcon.colcon_core.verb:set package 'antar_menu' build argument 'ament_cmake_args' from command line to 'None'
[0.635s] Level 5:colcon.colcon_core.verb:set package 'antar_menu' build argument 'catkin_cmake_args' from command line to 'None'
[0.635s] Level 5:colcon.colcon_core.verb:set package 'antar_menu' build argument 'catkin_skip_building_tests' from command line to 'False'
[0.635s] DEBUG:colcon.colcon_core.verb:Building package 'antar_menu' with the following arguments: {'ament_cmake_args': None, 'build_base': '/mnt/c/URO/Tugas Day 1/Tugas_Day1_Sekuro/src/ros_soal_1/build/antar_menu', 'catkin_cmake_args': None, 'catkin_skip_building_tests': False, 'cmake_args': None, 'cmake_clean_cache': False, 'cmake_clean_first': False, 'cmake_force_configure': False, 'cmake_target': None, 'cmake_target_skip_unavailable': False, 'install_base': '/mnt/c/URO/Tugas Day 1/Tugas_Day1_Sekuro/src/ros_soal_1/install/antar_menu', 'merge_install': False, 'path': '/mnt/c/URO/Tugas Day 1/Tugas_Day1_Sekuro/src/ros_soal_1/ws_RumahMakan/src/antar_menu', 'symlink_install': False, 'test_result_base': None}
[0.636s] INFO:colcon.colcon_core.executor:Executing jobs using 'parallel' executor
[0.637s] DEBUG:colcon.colcon_parallel_executor.executor.parallel:run_until_complete
[0.637s] INFO:colcon.colcon_ros.task.ament_cmake.build:Building ROS package in '/mnt/c/URO/Tugas Day 1/Tugas_Day1_Sekuro/src/ros_soal_1/ws_RumahMakan/src/antar_menu' with build type 'ament_cmake'
[0.637s] INFO:colcon.colcon_cmake.task.cmake.build:Building CMake package in '/mnt/c/URO/Tugas Day 1/Tugas_Day1_Sekuro/src/ros_soal_1/ws_RumahMakan/src/antar_menu'
[0.642s] INFO:colcon.colcon_core.plugin_system:Skipping extension 'colcon_core.shell.bat': Not used on non-Windows systems
[0.642s] INFO:colcon.colcon_core.shell:Skip shell extension 'powershell' for command environment: Not usable outside of PowerShell
[0.643s] DEBUG:colcon.colcon_core.shell:Skip shell extension 'dsv' for command environment
[0.703s] DEBUG:colcon.colcon_core.event_handler.log_command:Invoking command in '/mnt/c/URO/Tugas Day 1/Tugas_Day1_Sekuro/src/ros_soal_1/build/antar_menu': CMAKE_PREFIX_PATH=${CMAKE_PREFIX_PATH}:/opt/ros/humble /usr/bin/cmake /mnt/c/URO/Tugas Day 1/Tugas_Day1_Sekuro/src/ros_soal_1/ws_RumahMakan/src/antar_menu -DCMAKE_INSTALL_PREFIX=/mnt/c/URO/Tugas Day 1/Tugas_Day1_Sekuro/src/ros_soal_1/install/antar_menu
[11.235s] DEBUG:colcon.colcon_core.event_handler.log_command:Invoked command in '/mnt/c/URO/Tugas Day 1/Tugas_Day1_Sekuro/src/ros_soal_1/build/antar_menu' returned '0': CMAKE_PREFIX_PATH=${CMAKE_PREFIX_PATH}:/opt/ros/humble /usr/bin/cmake /mnt/c/URO/Tugas Day 1/Tugas_Day1_Sekuro/src/ros_soal_1/ws_RumahMakan/src/antar_menu -DCMAKE_INSTALL_PREFIX=/mnt/c/URO/Tugas Day 1/Tugas_Day1_Sekuro/src/ros_soal_1/install/antar_menu
[11.247s] DEBUG:colcon.colcon_core.event_handler.log_command:Invoking command in '/mnt/c/URO/Tugas Day 1/Tugas_Day1_Sekuro/src/ros_soal_1/build/antar_menu': CMAKE_PREFIX_PATH=${CMAKE_PREFIX_PATH}:/opt/ros/humble /usr/bin/cmake --build /mnt/c/URO/Tugas Day 1/Tugas_Day1_Sekuro/src/ros_soal_1/build/antar_menu -- -j20 -l20
[21.119s] DEBUG:colcon.colcon_core.event_handler.log_command:Invoked command in '/mnt/c/URO/Tugas Day 1/Tugas_Day1_Sekuro/src/ros_soal_1/build/antar_menu' returned '0': CMAKE_PREFIX_PATH=${CMAKE_PREFIX_PATH}:/opt/ros/humble /usr/bin/cmake --build /mnt/c/URO/Tugas Day 1/Tugas_Day1_Sekuro/src/ros_soal_1/build/antar_menu -- -j20 -l20
[21.160s] DEBUG:colcon.colcon_core.event_handler.log_command:Invoking command in '/mnt/c/URO/Tugas Day 1/Tugas_Day1_Sekuro/src/ros_soal_1/build/antar_menu': CMAKE_PREFIX_PATH=${CMAKE_PREFIX_PATH}:/opt/ros/humble /usr/bin/cmake --install /mnt/c/URO/Tugas Day 1/Tugas_Day1_Sekuro/src/ros_soal_1/build/antar_menu
[22.817s] Level 1:colcon.colcon_core.environment:create_environment_scripts_only(antar_menu)
[22.821s] DEBUG:colcon.colcon_core.event_handler.log_command:Invoked command in '/mnt/c/URO/Tugas Day 1/Tugas_Day1_Sekuro/src/ros_soal_1/build/antar_menu' returned '0': CMAKE_PREFIX_PATH=${CMAKE_PREFIX_PATH}:/opt/ros/humble /usr/bin/cmake --install /mnt/c/URO/Tugas Day 1/Tugas_Day1_Sekuro/src/ros_soal_1/build/antar_menu
[22.829s] Level 1:colcon.colcon_core.environment:checking '/mnt/c/URO/Tugas Day 1/Tugas_Day1_Sekuro/src/ros_soal_1/install/antar_menu' for CMake module files
[22.889s] Level 1:colcon.colcon_core.environment:checking '/mnt/c/URO/Tugas Day 1/Tugas_Day1_Sekuro/src/ros_soal_1/install/antar_menu' for CMake config files
[22.937s] Level 1:colcon.colcon_core.shell:create_environment_hook('antar_menu', 'cmake_prefix_path')
[22.938s] INFO:colcon.colcon_core.shell:Creating environment hook '/mnt/c/URO/Tugas Day 1/Tugas_Day1_Sekuro/src/ros_soal_1/install/antar_menu/share/antar_menu/hook/cmake_prefix_path.ps1'
[22.951s] INFO:colcon.colcon_core.shell:Creating environment descriptor '/mnt/c/URO/Tugas Day 1/Tugas_Day1_Sekuro/src/ros_soal_1/install/antar_menu/share/antar_menu/hook/cmake_prefix_path.dsv'
[22.962s] INFO:colcon.colcon_core.shell:Creating environment hook '/mnt/c/URO/Tugas Day 1/Tugas_Day1_Sekuro/src/ros_soal_1/install/antar_menu/share/antar_menu/hook/cmake_prefix_path.sh'
[22.979s] Level 1:colcon.colcon_core.environment:checking '/mnt/c/URO/Tugas Day 1/Tugas_Day1_Sekuro/src/ros_soal_1/install/antar_menu/lib'
[22.982s] Level 1:colcon.colcon_core.environment:checking '/mnt/c/URO/Tugas Day 1/Tugas_Day1_Sekuro/src/ros_soal_1/install/antar_menu/bin'
[22.984s] Level 1:colcon.colcon_core.environment:checking '/mnt/c/URO/Tugas Day 1/Tugas_Day1_Sekuro/src/ros_soal_1/install/antar_menu/lib/pkgconfig/antar_menu.pc'
[22.985s] Level 1:colcon.colcon_core.environment:checking '/mnt/c/URO/Tugas Day 1/Tugas_Day1_Sekuro/src/ros_soal_1/install/antar_menu/lib/python3.10/site-packages'
[22.986s] Level 1:colcon.colcon_core.environment:checking '/mnt/c/URO/Tugas Day 1/Tugas_Day1_Sekuro/src/ros_soal_1/install/antar_menu/bin'
[22.988s] INFO:colcon.colcon_core.shell:Creating package script '/mnt/c/URO/Tugas Day 1/Tugas_Day1_Sekuro/src/ros_soal_1/install/antar_menu/share/antar_menu/package.ps1'
[22.998s] INFO:colcon.colcon_core.shell:Creating package descriptor '/mnt/c/URO/Tugas Day 1/Tugas_Day1_Sekuro/src/ros_soal_1/install/antar_menu/share/antar_menu/package.dsv'
[23.008s] INFO:colcon.colcon_core.shell:Creating package script '/mnt/c/URO/Tugas Day 1/Tugas_Day1_Sekuro/src/ros_soal_1/install/antar_menu/share/antar_menu/package.sh'
[23.044s] INFO:colcon.colcon_core.shell:Creating package script '/mnt/c/URO/Tugas Day 1/Tugas_Day1_Sekuro/src/ros_soal_1/install/antar_menu/share/antar_menu/package.bash'
[23.079s] INFO:colcon.colcon_core.shell:Creating package script '/mnt/c/URO/Tugas Day 1/Tugas_Day1_Sekuro/src/ros_soal_1/install/antar_menu/share/antar_menu/package.zsh'
[23.096s] Level 1:colcon.colcon_core.environment:create_file_with_runtime_dependencies(/mnt/c/URO/Tugas Day 1/Tugas_Day1_Sekuro/src/ros_soal_1/install/antar_menu/share/colcon-core/packages/antar_menu)
[23.143s] Level 1:colcon.colcon_core.environment:create_environment_scripts_only(antar_menu)
[23.143s] Level 1:colcon.colcon_core.environment:checking '/mnt/c/URO/Tugas Day 1/Tugas_Day1_Sekuro/src/ros_soal_1/install/antar_menu' for CMake module files
[23.445s] Level 1:colcon.colcon_core.environment:checking '/mnt/c/URO/Tugas Day 1/Tugas_Day1_Sekuro/src/ros_soal_1/install/antar_menu' for CMake config files
[23.486s] Level 1:colcon.colcon_core.shell:create_environment_hook('antar_menu', 'cmake_prefix_path')
[23.486s] INFO:colcon.colcon_core.shell:Creating environment hook '/mnt/c/URO/Tugas Day 1/Tugas_Day1_Sekuro/src/ros_soal_1/install/antar_menu/share/antar_menu/hook/cmake_prefix_path.ps1'
[23.497s] INFO:colcon.colcon_core.shell:Creating environment descriptor '/mnt/c/URO/Tugas Day 1/Tugas_Day1_Sekuro/src/ros_soal_1/install/antar_menu/share/antar_menu/hook/cmake_prefix_path.dsv'
[23.508s] INFO:colcon.colcon_core.shell:Creating environment hook '/mnt/c/URO/Tugas Day 1/Tugas_Day1_Sekuro/src/ros_soal_1/install/antar_menu/share/antar_menu/hook/cmake_prefix_path.sh'
[23.521s] Level 1:colcon.colcon_core.environment:checking '/mnt/c/URO/Tugas Day 1/Tugas_Day1_Sekuro/src/ros_soal_1/install/antar_menu/lib'
[23.524s] Level 1:colcon.colcon_core.environment:checking '/mnt/c/URO/Tugas Day 1/Tugas_Day1_Sekuro/src/ros_soal_1/install/antar_menu/bin'
[23.525s] Level 1:colcon.colcon_core.environment:checking '/mnt/c/URO/Tugas Day 1/Tugas_Day1_Sekuro/src/ros_soal_1/install/antar_menu/lib/pkgconfig/antar_menu.pc'
[23.527s] Level 1:colcon.colcon_core.environment:checking '/mnt/c/URO/Tugas Day 1/Tugas_Day1_Sekuro/src/ros_soal_1/install/antar_menu/lib/python3.10/site-packages'
[23.528s] Level 1:colcon.colcon_core.environment:checking '/mnt/c/URO/Tugas Day 1/Tugas_Day1_Sekuro/src/ros_soal_1/install/antar_menu/bin'
[23.530s] INFO:colcon.colcon_core.shell:Creating package script '/mnt/c/URO/Tugas Day 1/Tugas_Day1_Sekuro/src/ros_soal_1/install/antar_menu/share/antar_menu/package.ps1'
[23.539s] INFO:colcon.colcon_core.shell:Creating package descriptor '/mnt/c/URO/Tugas Day 1/Tugas_Day1_Sekuro/src/ros_soal_1/install/antar_menu/share/antar_menu/package.dsv'
[23.548s] INFO:colcon.colcon_core.shell:Creating package script '/mnt/c/URO/Tugas Day 1/Tugas_Day1_Sekuro/src/ros_soal_1/install/antar_menu/share/antar_menu/package.sh'
[23.557s] INFO:colcon.colcon_core.shell:Creating package script '/mnt/c/URO/Tugas Day 1/Tugas_Day1_Sekuro/src/ros_soal_1/install/antar_menu/share/antar_menu/package.bash'
[23.566s] INFO:colcon.colcon_core.shell:Creating package script '/mnt/c/URO/Tugas Day 1/Tugas_Day1_Sekuro/src/ros_soal_1/install/antar_menu/share/antar_menu/package.zsh'
[23.575s] Level 1:colcon.colcon_core.environment:create_file_with_runtime_dependencies(/mnt/c/URO/Tugas Day 1/Tugas_Day1_Sekuro/src/ros_soal_1/install/antar_menu/share/colcon-core/packages/antar_menu)
[23.582s] DEBUG:colcon.colcon_parallel_executor.executor.parallel:closing loop
[23.582s] DEBUG:colcon.colcon_parallel_executor.executor.parallel:loop closed
[23.582s] DEBUG:colcon.colcon_parallel_executor.executor.parallel:run_until_complete finished with '0'
[23.583s] DEBUG:colcon.colcon_core.event_reactor:joining thread
[23.667s] INFO:colcon.colcon_core.plugin_system:Skipping extension 'colcon_notification.desktop_notification.notify_send': Could not find 'notify-send'
[23.668s] INFO:colcon.colcon_core.plugin_system:Skipping extension 'colcon_notification.desktop_notification.terminal_notifier': Not used on non-Darwin systems
[23.668s] INFO:colcon.colcon_core.plugin_system:Skipping extension 'colcon_notification.desktop_notification.win32': Not used on non-Windows systems
[23.668s] INFO:colcon.colcon_notification.desktop_notification:Sending desktop notification using 'notify2'
[23.672s] DEBUG:colcon.colcon_notification.desktop_notification.notify2:Failed to initialize notify2: org.freedesktop.DBus.Error.ServiceUnknown: The name org.freedesktop.Notifications was not provided by any .service files
[23.672s] DEBUG:colcon.colcon_core.event_reactor:joined thread
[23.673s] INFO:colcon.colcon_core.shell:Creating prefix script '/mnt/c/URO/Tugas Day 1/Tugas_Day1_Sekuro/src/ros_soal_1/install/local_setup.ps1'
[23.705s] INFO:colcon.colcon_core.shell:Creating prefix util module '/mnt/c/URO/Tugas Day 1/Tugas_Day1_Sekuro/src/ros_soal_1/install/_local_setup_util_ps1.py'
[23.719s] INFO:colcon.colcon_core.shell:Creating prefix chain script '/mnt/c/URO/Tugas Day 1/Tugas_Day1_Sekuro/src/ros_soal_1/install/setup.ps1'
[23.724s] INFO:colcon.colcon_core.shell:Creating prefix script '/mnt/c/URO/Tugas Day 1/Tugas_Day1_Sekuro/src/ros_soal_1/install/local_setup.sh'
[23.729s] INFO:colcon.colcon_core.shell:Creating prefix util module '/mnt/c/URO/Tugas Day 1/Tugas_Day1_Sekuro/src/ros_soal_1/install/_local_setup_util_sh.py'
[23.750s] INFO:colcon.colcon_core.shell:Creating prefix chain script '/mnt/c/URO/Tugas Day 1/Tugas_Day1_Sekuro/src/ros_soal_1/install/setup.sh'
[23.764s] INFO:colcon.colcon_core.shell:Creating prefix script '/mnt/c/URO/Tugas Day 1/Tugas_Day1_Sekuro/src/ros_soal_1/install/local_setup.bash'
[23.774s] INFO:colcon.colcon_core.shell:Creating prefix chain script '/mnt/c/URO/Tugas Day 1/Tugas_Day1_Sekuro/src/ros_soal_1/install/setup.bash'
[23.790s] INFO:colcon.colcon_core.shell:Creating prefix script '/mnt/c/URO/Tugas Day 1/Tugas_Day1_Sekuro/src/ros_soal_1/install/local_setup.zsh'
[23.799s] INFO:colcon.colcon_core.shell:Creating prefix chain script '/mnt/c/URO/Tugas Day 1/Tugas_Day1_Sekuro/src/ros_soal_1/install/setup.zsh'
