[0.008s] Invoking command in '/home/kevin/ws_RumahMakan/build/antar_menu': CMAKE_PREFIX_PATH=${CMAKE_PREFIX_PATH}:/opt/ros/humble /usr/bin/cmake --build /home/kevin/ws_RumahMakan/build/antar_menu -- -j20 -l20
[0.039s] [ 50%] Built target antar_listener
[0.040s] [100%] Built target orderan_talker
[0.047s] Invoked command in '/home/kevin/ws_RumahMakan/build/antar_menu' returned '0': CMAKE_PREFIX_PATH=${CMAKE_PREFIX_PATH}:/opt/ros/humble /usr/bin/cmake --build /home/kevin/ws_RumahMakan/build/antar_menu -- -j20 -l20
[0.053s] Invoking command in '/home/kevin/ws_RumahMakan/build/antar_menu': CMAKE_PREFIX_PATH=${CMAKE_PREFIX_PATH}:/opt/ros/humble /usr/bin/cmake --install /home/kevin/ws_RumahMakan/build/antar_menu
[0.057s] -- Install configuration: ""
[0.057s] -- Up-to-date: /home/kevin/ws_RumahMakan/install/antar_menu/lib/antar_menu/orderan_talker
[0.057s] -- Up-to-date: /home/kevin/ws_RumahMakan/install/antar_menu/lib/antar_menu/antar_listener
[0.057s] -- Up-to-date: /home/kevin/ws_RumahMakan/install/antar_menu/share/ament_index/resource_index/package_run_dependencies/antar_menu
[0.057s] -- Up-to-date: /home/kevin/ws_RumahMakan/install/antar_menu/share/ament_index/resource_index/parent_prefix_path/antar_menu
[0.057s] -- Up-to-date: /home/kevin/ws_RumahMakan/install/antar_menu/share/antar_menu/environment/ament_prefix_path.sh
[0.057s] -- Up-to-date: /home/kevin/ws_RumahMakan/install/antar_menu/share/antar_menu/environment/ament_prefix_path.dsv
[0.057s] -- Up-to-date: /home/kevin/ws_RumahMakan/install/antar_menu/share/antar_menu/environment/path.sh
[0.057s] -- Up-to-date: /home/kevin/ws_RumahMakan/install/antar_menu/share/antar_menu/environment/path.dsv
[0.058s] -- Up-to-date: /home/kevin/ws_RumahMakan/install/antar_menu/share/antar_menu/local_setup.bash
[0.058s] -- Up-to-date: /home/kevin/ws_RumahMakan/install/antar_menu/share/antar_menu/local_setup.sh
[0.058s] -- Up-to-date: /home/kevin/ws_RumahMakan/install/antar_menu/share/antar_menu/local_setup.zsh
[0.058s] -- Up-to-date: /home/kevin/ws_RumahMakan/install/antar_menu/share/antar_menu/local_setup.dsv
[0.058s] -- Installing: /home/kevin/ws_RumahMakan/install/antar_menu/share/antar_menu/package.dsv
[0.058s] -- Up-to-date: /home/kevin/ws_RumahMakan/install/antar_menu/share/ament_index/resource_index/packages/antar_menu
[0.058s] -- Up-to-date: /home/kevin/ws_RumahMakan/install/antar_menu/share/antar_menu/cmake/antar_menuConfig.cmake
[0.058s] -- Up-to-date: /home/kevin/ws_RumahMakan/install/antar_menu/share/antar_menu/cmake/antar_menuConfig-version.cmake
[0.058s] -- Up-to-date: /home/kevin/ws_RumahMakan/install/antar_menu/share/antar_menu/package.xml
[0.058s] Invoked command in '/home/kevin/ws_RumahMakan/build/antar_menu' returned '0': CMAKE_PREFIX_PATH=${CMAKE_PREFIX_PATH}:/opt/ros/humble /usr/bin/cmake --install /home/kevin/ws_RumahMakan/build/antar_menu
