[0.006s] Invoking command in '/home/kevin/ws_RumahMakan/build/antar_menu': CMAKE_PREFIX_PATH=/opt/ros/humble /usr/bin/cmake --build /home/kevin/ws_RumahMakan/build/antar_menu -- -j20 -l20
[0.028s] [35m[1mConsolidate compiler generated dependencies of target orderan_talker[0m
[0.034s] [ 50%] Built target antar_listener
[0.036s] [ 75%] [32mBuilding CXX object CMakeFiles/orderan_talker.dir/src/orderan.cpp.o[0m
[2.577s] [100%] [32m[1mLinking CXX executable orderan_talker[0m
[2.743s] [100%] Built target orderan_talker
[2.750s] Invoked command in '/home/kevin/ws_RumahMakan/build/antar_menu' returned '0': CMAKE_PREFIX_PATH=/opt/ros/humble /usr/bin/cmake --build /home/kevin/ws_RumahMakan/build/antar_menu -- -j20 -l20
[2.757s] Invoking command in '/home/kevin/ws_RumahMakan/build/antar_menu': CMAKE_PREFIX_PATH=/opt/ros/humble /usr/bin/cmake --install /home/kevin/ws_RumahMakan/build/antar_menu
[2.761s] -- Install configuration: ""
[2.762s] -- Installing: /home/kevin/ws_RumahMakan/install/antar_menu/lib/antar_menu/orderan_talker
[2.763s] -- Set runtime path of "/home/kevin/ws_RumahMakan/install/antar_menu/lib/antar_menu/orderan_talker" to ""
[2.763s] -- Installing: /home/kevin/ws_RumahMakan/install/antar_menu/lib/antar_menu/antar_listener
[2.767s] -- Set runtime path of "/home/kevin/ws_RumahMakan/install/antar_menu/lib/antar_menu/antar_listener" to ""
[2.767s] -- Installing: /home/kevin/ws_RumahMakan/install/antar_menu/share/ament_index/resource_index/package_run_dependencies/antar_menu
[2.768s] -- Installing: /home/kevin/ws_RumahMakan/install/antar_menu/share/ament_index/resource_index/parent_prefix_path/antar_menu
[2.768s] -- Installing: /home/kevin/ws_RumahMakan/install/antar_menu/share/antar_menu/environment/ament_prefix_path.sh
[2.768s] -- Installing: /home/kevin/ws_RumahMakan/install/antar_menu/share/antar_menu/environment/ament_prefix_path.dsv
[2.769s] -- Installing: /home/kevin/ws_RumahMakan/install/antar_menu/share/antar_menu/environment/path.sh
[2.769s] -- Installing: /home/kevin/ws_RumahMakan/install/antar_menu/share/antar_menu/environment/path.dsv
[2.769s] -- Installing: /home/kevin/ws_RumahMakan/install/antar_menu/share/antar_menu/local_setup.bash
[2.769s] -- Installing: /home/kevin/ws_RumahMakan/install/antar_menu/share/antar_menu/local_setup.sh
[2.770s] -- Installing: /home/kevin/ws_RumahMakan/install/antar_menu/share/antar_menu/local_setup.zsh
[2.770s] -- Installing: /home/kevin/ws_RumahMakan/install/antar_menu/share/antar_menu/local_setup.dsv
[2.770s] -- Installing: /home/kevin/ws_RumahMakan/install/antar_menu/share/antar_menu/package.dsv
[2.771s] -- Installing: /home/kevin/ws_RumahMakan/install/antar_menu/share/ament_index/resource_index/packages/antar_menu
[2.771s] -- Installing: /home/kevin/ws_RumahMakan/install/antar_menu/share/antar_menu/cmake/antar_menuConfig.cmake
[2.771s] -- Installing: /home/kevin/ws_RumahMakan/install/antar_menu/share/antar_menu/cmake/antar_menuConfig-version.cmake
[2.771s] -- Installing: /home/kevin/ws_RumahMakan/install/antar_menu/share/antar_menu/package.xml
[2.774s] Invoked command in '/home/kevin/ws_RumahMakan/build/antar_menu' returned '0': CMAKE_PREFIX_PATH=/opt/ros/humble /usr/bin/cmake --install /home/kevin/ws_RumahMakan/build/antar_menu
