[0.008s] Invoking command in '/home/kevin/ws_RumahMakan/build/antar_menu': CMAKE_PREFIX_PATH=${CMAKE_PREFIX_PATH}:/opt/ros/humble /usr/bin/cmake --build /home/kevin/ws_RumahMakan/build/antar_menu -- -j20 -l20
[0.040s] [ 25%] [32mBuilding CXX object CMakeFiles/antar_listener.dir/src/antar.cpp.o[0m
[0.041s] [ 75%] Built target orderan_talker
[5.365s] [100%] [32m[1mLinking CXX executable antar_listener[0m
[5.631s] [100%] Built target antar_listener
[5.637s] Invoked command in '/home/kevin/ws_RumahMakan/build/antar_menu' returned '0': CMAKE_PREFIX_PATH=${CMAKE_PREFIX_PATH}:/opt/ros/humble /usr/bin/cmake --build /home/kevin/ws_RumahMakan/build/antar_menu -- -j20 -l20
[5.642s] Invoking command in '/home/kevin/ws_RumahMakan/build/antar_menu': CMAKE_PREFIX_PATH=${CMAKE_PREFIX_PATH}:/opt/ros/humble /usr/bin/cmake --install /home/kevin/ws_RumahMakan/build/antar_menu
[5.646s] -- Install configuration: ""
[5.647s] -- Up-to-date: /home/kevin/ws_RumahMakan/install/antar_menu/lib/antar_menu/orderan_talker
[5.647s] -- Installing: /home/kevin/ws_RumahMakan/install/antar_menu/lib/antar_menu/antar_listener
[5.649s] -- Set runtime path of "/home/kevin/ws_RumahMakan/install/antar_menu/lib/antar_menu/antar_listener" to ""
[5.649s] -- Up-to-date: /home/kevin/ws_RumahMakan/install/antar_menu/share/ament_index/resource_index/package_run_dependencies/antar_menu
[5.649s] -- Up-to-date: /home/kevin/ws_RumahMakan/install/antar_menu/share/ament_index/resource_index/parent_prefix_path/antar_menu
[5.649s] -- Up-to-date: /home/kevin/ws_RumahMakan/install/antar_menu/share/antar_menu/environment/ament_prefix_path.sh
[5.649s] -- Up-to-date: /home/kevin/ws_RumahMakan/install/antar_menu/share/antar_menu/environment/ament_prefix_path.dsv
[5.649s] -- Up-to-date: /home/kevin/ws_RumahMakan/install/antar_menu/share/antar_menu/environment/path.sh
[5.649s] -- Up-to-date: /home/kevin/ws_RumahMakan/install/antar_menu/share/antar_menu/environment/path.dsv
[5.649s] -- Up-to-date: /home/kevin/ws_RumahMakan/install/antar_menu/share/antar_menu/local_setup.bash
[5.649s] -- Up-to-date: /home/kevin/ws_RumahMakan/install/antar_menu/share/antar_menu/local_setup.sh
[5.649s] -- Up-to-date: /home/kevin/ws_RumahMakan/install/antar_menu/share/antar_menu/local_setup.zsh
[5.649s] -- Up-to-date: /home/kevin/ws_RumahMakan/install/antar_menu/share/antar_menu/local_setup.dsv
[5.649s] -- Installing: /home/kevin/ws_RumahMakan/install/antar_menu/share/antar_menu/package.dsv
[5.649s] -- Up-to-date: /home/kevin/ws_RumahMakan/install/antar_menu/share/ament_index/resource_index/packages/antar_menu
[5.649s] -- Up-to-date: /home/kevin/ws_RumahMakan/install/antar_menu/share/antar_menu/cmake/antar_menuConfig.cmake
[5.649s] -- Up-to-date: /home/kevin/ws_RumahMakan/install/antar_menu/share/antar_menu/cmake/antar_menuConfig-version.cmake
[5.649s] -- Up-to-date: /home/kevin/ws_RumahMakan/install/antar_menu/share/antar_menu/package.xml
[5.650s] Invoked command in '/home/kevin/ws_RumahMakan/build/antar_menu' returned '0': CMAKE_PREFIX_PATH=${CMAKE_PREFIX_PATH}:/opt/ros/humble /usr/bin/cmake --install /home/kevin/ws_RumahMakan/build/antar_menu
